[2020-07-17 12:17:04.935] [exthost] [info] extension host started
[2020-07-17 12:17:04.960] [exthost] [info] ExtensionService#_doActivateExtension vscode.extension-editing {"startup":false,"extensionId":{"value":"vscode.extension-editing","_lower":"vscode.extension-editing"},"activationEvent":"onLanguage:typescript"}
[2020-07-17 12:17:04.960] [exthost] [info] ExtensionService#loadCommonJSModule file:///usr/share/code/resources/app/extensions/extension-editing/dist/extension
[2020-07-17 12:17:05.288] [exthost] [info] ExtensionService#_doActivateExtension vscode.typescript-language-features {"startup":false,"extensionId":{"value":"vscode.typescript-language-features","_lower":"vscode.typescript-language-features"},"activationEvent":"onLanguage:typescript"}
[2020-07-17 12:17:05.289] [exthost] [info] ExtensionService#loadCommonJSModule file:///usr/share/code/resources/app/extensions/typescript-language-features/dist/extension
[2020-07-17 12:17:05.547] [exthost] [info] ExtensionService#_doActivateExtension vscode.debug-auto-launch {"startup":true,"extensionId":{"value":"vscode.debug-auto-launch","_lower":"vscode.debug-auto-launch"},"activationEvent":"*"}
[2020-07-17 12:17:05.547] [exthost] [info] ExtensionService#loadCommonJSModule file:///usr/share/code/resources/app/extensions/debug-auto-launch/dist/extension
[2020-07-17 12:17:05.843] [exthost] [info] ExtensionService#_doActivateExtension vscode.emmet {"startup":true,"extensionId":{"value":"vscode.emmet","_lower":"vscode.emmet"},"activationEvent":"*"}
[2020-07-17 12:17:05.843] [exthost] [info] ExtensionService#loadCommonJSModule file:///usr/share/code/resources/app/extensions/emmet/dist/extension
[2020-07-17 12:17:05.894] [exthost] [info] ExtensionService#_doActivateExtension vscode.git {"startup":true,"extensionId":{"value":"vscode.github","_lower":"vscode.github"},"activationEvent":"*"}
[2020-07-17 12:17:05.894] [exthost] [info] ExtensionService#loadCommonJSModule file:///usr/share/code/resources/app/extensions/git/dist/main
[2020-07-17 12:17:06.068] [exthost] [info] ExtensionService#_doActivateExtension vscode.github-authentication {"startup":true,"extensionId":{"value":"vscode.github-authentication","_lower":"vscode.github-authentication"},"activationEvent":"*"}
[2020-07-17 12:17:06.068] [exthost] [info] ExtensionService#loadCommonJSModule file:///usr/share/code/resources/app/extensions/github-authentication/dist/extension.js
[2020-07-17 12:17:06.134] [exthost] [info] ExtensionService#_doActivateExtension vscode.merge-conflict {"startup":true,"extensionId":{"value":"vscode.merge-conflict","_lower":"vscode.merge-conflict"},"activationEvent":"*"}
[2020-07-17 12:17:06.134] [exthost] [info] ExtensionService#loadCommonJSModule file:///usr/share/code/resources/app/extensions/merge-conflict/dist/mergeConflictMain
[2020-07-17 12:17:06.140] [exthost] [info] ExtensionService#_doActivateExtension vscode.microsoft-authentication {"startup":true,"extensionId":{"value":"vscode.microsoft-authentication","_lower":"vscode.microsoft-authentication"},"activationEvent":"*"}
[2020-07-17 12:17:06.140] [exthost] [info] ExtensionService#loadCommonJSModule file:///usr/share/code/resources/app/extensions/microsoft-authentication/dist/extension.js
[2020-07-17 12:17:06.193] [exthost] [info] ExtensionService#_doActivateExtension vscode.search-result {"startup":true,"extensionId":{"value":"vscode.search-result","_lower":"vscode.search-result"},"activationEvent":"*"}
[2020-07-17 12:17:06.193] [exthost] [info] ExtensionService#loadCommonJSModule file:///usr/share/code/resources/app/extensions/search-result/dist/extension.js
[2020-07-17 12:17:06.195] [exthost] [info] ExtensionService#_doActivateExtension CoenraadS.bracket-pair-colorizer-2 {"startup":true,"extensionId":{"value":"CoenraadS.bracket-pair-colorizer-2","_lower":"coenraads.bracket-pair-colorizer-2"},"activationEvent":"*"}
[2020-07-17 12:17:06.196] [exthost] [info] ExtensionService#loadCommonJSModule file:///root/.vscode/extensions/coenraads.bracket-pair-colorizer-2-0.2.0/out/src/extension
[2020-07-17 12:17:06.370] [exthost] [info] ExtensionService#_doActivateExtension dbaeumer.vscode-eslint {"startup":true,"extensionId":{"value":"dbaeumer.vscode-eslint","_lower":"dbaeumer.vscode-eslint"},"activationEvent":"*"}
[2020-07-17 12:17:06.370] [exthost] [info] ExtensionService#loadCommonJSModule file:///root/.vscode/extensions/dbaeumer.vscode-eslint-2.1.8/client/out/extension
[2020-07-17 12:17:06.389] [exthost] [info] ExtensionService#_doActivateExtension esbenp.prettier-vscode {"startup":true,"extensionId":{"value":"esbenp.prettier-vscode","_lower":"esbenp.prettier-vscode"},"activationEvent":"*"}
[2020-07-17 12:17:06.389] [exthost] [info] ExtensionService#loadCommonJSModule file:///root/.vscode/extensions/esbenp.prettier-vscode-5.1.3/dist/extension
[2020-07-17 12:17:06.594] [exthost] [info] ExtensionService#_doActivateExtension formulahendry.auto-rename-tag {"startup":true,"extensionId":{"value":"formulahendry.auto-rename-tag","_lower":"formulahendry.auto-rename-tag"},"activationEvent":"*"}
[2020-07-17 12:17:06.594] [exthost] [info] ExtensionService#loadCommonJSModule file:///root/.vscode/extensions/formulahendry.auto-rename-tag-0.1.4/packages/extension/dist/extensionMain.js
[2020-07-17 12:17:06.715] [exthost] [info] ExtensionService#_doActivateExtension kamikillerto.vscode-colorize {"startup":true,"extensionId":{"value":"kamikillerto.vscode-colorize","_lower":"kamikillerto.vscode-colorize"},"activationEvent":"*"}
[2020-07-17 12:17:06.715] [exthost] [info] ExtensionService#loadCommonJSModule file:///root/.vscode/extensions/kamikillerto.vscode-colorize-0.8.17/out/src/extension
[2020-07-17 12:17:06.833] [exthost] [info] ExtensionService#_doActivateExtension PKief.material-icon-theme {"startup":true,"extensionId":{"value":"PKief.material-icon-theme","_lower":"pkief.material-icon-theme"},"activationEvent":"*"}
[2020-07-17 12:17:06.833] [exthost] [info] ExtensionService#loadCommonJSModule file:///root/.vscode/extensions/pkief.material-icon-theme-4.2.0/dist/extension
[2020-07-17 12:17:06.859] [exthost] [info] ExtensionService#_doActivateExtension streetsidesoftware.code-spell-checker {"startup":true,"extensionId":{"value":"streetsidesoftware.code-spell-checker-portuguese-brazilian","_lower":"streetsidesoftware.code-spell-checker-portuguese-brazilian"},"activationEvent":"*"}
[2020-07-17 12:17:06.859] [exthost] [info] ExtensionService#loadCommonJSModule file:///root/.vscode/extensions/streetsidesoftware.code-spell-checker-1.9.0/dist/extension
[2020-07-17 12:17:06.921] [exthost] [info] ExtensionService#_doActivateExtension TabNine.tabnine-vscode {"startup":true,"extensionId":{"value":"TabNine.tabnine-vscode","_lower":"tabnine.tabnine-vscode"},"activationEvent":"*"}
[2020-07-17 12:17:06.921] [exthost] [info] ExtensionService#loadCommonJSModule file:///root/.vscode/extensions/tabnine.tabnine-vscode-2.8.10/out/extension
[2020-07-17 12:17:06.980] [exthost] [info] ExtensionService#_doActivateExtension vscode.npm {"startup":true,"extensionId":{"value":"vscode.npm","_lower":"vscode.npm"},"activationEvent":"workspaceContains:package.json"}
[2020-07-17 12:17:06.980] [exthost] [info] ExtensionService#loadCommonJSModule file:///usr/share/code/resources/app/extensions/npm/dist/npmMain
[2020-07-17 12:17:07.621] [exthost] [info] ExtensionService#_doActivateExtension vscode.configuration-editing {"startup":false,"extensionId":{"value":"vscode.configuration-editing","_lower":"vscode.configuration-editing"},"activationEvent":"onLanguage:jsonc"}
[2020-07-17 12:17:07.621] [exthost] [info] ExtensionService#loadCommonJSModule file:///usr/share/code/resources/app/extensions/configuration-editing/dist/configurationEditingMain
[2020-07-17 12:17:07.718] [exthost] [info] ExtensionService#_doActivateExtension vscode.json-language-features {"startup":false,"extensionId":{"value":"vscode.json-language-features","_lower":"vscode.json-language-features"},"activationEvent":"onLanguage:jsonc"}
[2020-07-17 12:17:07.718] [exthost] [info] ExtensionService#loadCommonJSModule file:///usr/share/code/resources/app/extensions/json-language-features/client/dist/node/jsonClientMain
[2020-07-17 12:17:07.921] [exthost] [info] ExtensionService#_doActivateExtension vscode.github {"startup":true,"extensionId":{"value":"vscode.github","_lower":"vscode.github"},"activationEvent":"*"}
[2020-07-17 12:17:07.921] [exthost] [info] ExtensionService#loadCommonJSModule file:///usr/share/code/resources/app/extensions/github/dist/extension.js
[2020-07-17 12:17:07.974] [exthost] [info] ExtensionService#_doActivateExtension streetsidesoftware.code-spell-checker-portuguese-brazilian {"startup":true,"extensionId":{"value":"streetsidesoftware.code-spell-checker-portuguese-brazilian","_lower":"streetsidesoftware.code-spell-checker-portuguese-brazilian"},"activationEvent":"*"}
[2020-07-17 12:17:07.974] [exthost] [info] ExtensionService#loadCommonJSModule file:///root/.vscode/extensions/streetsidesoftware.code-spell-checker-portuguese-brazilian-0.1.2/out/src/extension
[2020-07-17 12:17:10.569] [exthost] [info] eager extensions activated
[2020-07-17 13:14:06.268] [exthost] [error] [vscode.typescript-language-features] provider FAILED
[2020-07-17 13:14:06.323] [exthost] [error] Error: <semantic> TypeScript Server Error (3.9.6)
Debug Failure. Invalid cast. The supplied value [object Object] did not pass the test 'isStringLiteral'.
Error: Debug Failure. Invalid cast. The supplied value [object Object] did not pass the test 'isStringLiteral'.
    at Object.cast (/usr/share/code/resources/app/extensions/node_modules/typescript/lib/tsserver.js:1387:25)
    at tryGetImportedPackageName (/usr/share/code/resources/app/extensions/node_modules/typescript/lib/tsserver.js:131135:33)
    at Object.getCodeActions (/usr/share/code/resources/app/extensions/node_modules/typescript/lib/tsserver.js:131103:35)
    at /usr/share/code/resources/app/extensions/node_modules/typescript/lib/tsserver.js:127392:77
    at Object.flatMap (/usr/share/code/resources/app/extensions/node_modules/typescript/lib/tsserver.js:465:25)
    at Object.getFixes (/usr/share/code/resources/app/extensions/node_modules/typescript/lib/tsserver.js:127392:23)
    at /usr/share/code/resources/app/extensions/node_modules/typescript/lib/tsserver.js:139204:35
    at Object.flatMap (/usr/share/code/resources/app/extensions/node_modules/typescript/lib/tsserver.js:465:25)
    at Proxy.getCodeFixesAtPosition (/usr/share/code/resources/app/extensions/node_modules/typescript/lib/tsserver.js:139202:23)
    at Proxy.<anonymous> (/root/.vscode/extensions/jpoissonnier.vscode-styled-components-0.0.29/node_modules/typescript-template-language-service-decorator/lib/template-language-service-decorator.js:144:20)
    at IOSession.Session.getCodeFixes (/usr/share/code/resources/app/extensions/node_modules/typescript/lib/tsserver.js:149303:64)
    at Session.handlers.ts.createMapFromTemplate._a.<computed> (/usr/share/code/resources/app/extensions/node_modules/typescript/lib/tsserver.js:148040:61)
    at /usr/share/code/resources/app/extensions/node_modules/typescript/lib/tsserver.js:149553:88
    at IOSession.Session.executeWithRequestId (/usr/share/code/resources/app/extensions/node_modules/typescript/lib/tsserver.js:149544:28)
    at IOSession.Session.executeCommand (/usr/share/code/resources/app/extensions/node_modules/typescript/lib/tsserver.js:149553:33)
    at IOSession.Session.onMessage (/usr/share/code/resources/app/extensions/node_modules/typescript/lib/tsserver.js:149577:35)
    at Interface.<anonymous> (/usr/share/code/resources/app/extensions/node_modules/typescript/lib/tsserver.js:150893:27)
    at Interface.emit (events.js:203:13)
    at Interface._onLine (readline.js:316:10)
    at Interface._normalWrite (readline.js:461:12)
    at Socket.ondata (readline.js:172:10)
    at Socket.emit (events.js:203:13)
    at addChunk (_stream_readable.js:295:12)
    at readableAddChunk (_stream_readable.js:276:11)
    at Socket.Readable.push (_stream_readable.js:210:10)
    at Pipe.onStreamRead (internal/stream_base_commons.js:166:17)
    at Function.create (/usr/share/code/resources/app/extensions/typescript-language-features/dist/extension.js:1:55161)
    at h.dispatchResponse (/usr/share/code/resources/app/extensions/typescript-language-features/dist/extension.js:1:227777)
    at h.dispatchMessage (/usr/share/code/resources/app/extensions/typescript-language-features/dist/extension.js:1:226697)
    at /usr/share/code/resources/app/extensions/typescript-language-features/dist/extension.js:1:226173
    at l.fire (/usr/share/code/resources/app/out/vs/workbench/services/extensions/node/extensionHostProcess.js:45:801)
    at l.onLengthData (/usr/share/code/resources/app/extensions/typescript-language-features/dist/extension.js:1:235493)
    at Socket.<anonymous> (/usr/share/code/resources/app/extensions/typescript-language-features/dist/extension.js:1:235141)
    at Socket.emit (events.js:203:13)
    at addChunk (_stream_readable.js:295:12)
    at readableAddChunk (_stream_readable.js:276:11)
    at Socket.Readable.push (_stream_readable.js:210:10)
    at Pipe.onStreamRead (internal/stream_base_commons.js:166:17)
[2020-07-17 13:16:58.554] [exthost] [error] [vscode.typescript-language-features] provider FAILED
[2020-07-17 13:16:58.556] [exthost] [error] Error: DisposableStore is missing...
    at U._convertCompletionItem (/usr/share/code/resources/app/out/vs/workbench/services/extensions/node/extensionHostProcess.js:679:652)
    at U.resolveCompletionItem (/usr/share/code/resources/app/out/vs/workbench/services/extensions/node/extensionHostProcess.js:679:419)
    at runMicrotasks (<anonymous>)
    at processTicksAndRejections (internal/process/task_queues.js:85:5)
[2020-07-17 14:27:53.405] [exthost] [error] [vscode.typescript-language-features] provider FAILED
[2020-07-17 14:27:53.406] [exthost] [error] Error: DisposableStore is missing...
    at U._convertCompletionItem (/usr/share/code/resources/app/out/vs/workbench/services/extensions/node/extensionHostProcess.js:679:652)
    at U.resolveCompletionItem (/usr/share/code/resources/app/out/vs/workbench/services/extensions/node/extensionHostProcess.js:679:419)
    at runMicrotasks (<anonymous>)
    at processTicksAndRejections (internal/process/task_queues.js:85:5)
[2020-07-17 14:42:58.373] [exthost] [error] [vscode.typescript-language-features] provider FAILED
[2020-07-17 14:42:58.374] [exthost] [error] Error: DisposableStore is missing...
    at U._convertCompletionItem (/usr/share/code/resources/app/out/vs/workbench/services/extensions/node/extensionHostProcess.js:679:652)
    at U.resolveCompletionItem (/usr/share/code/resources/app/out/vs/workbench/services/extensions/node/extensionHostProcess.js:679:419)
    at runMicrotasks (<anonymous>)
    at processTicksAndRejections (internal/process/task_queues.js:85:5)
[2020-07-17 15:01:59.838] [exthost] [error] [vscode.typescript-language-features] provider FAILED
[2020-07-17 15:01:59.840] [exthost] [error] Error: DisposableStore is missing...
    at U._convertCompletionItem (/usr/share/code/resources/app/out/vs/workbench/services/extensions/node/extensionHostProcess.js:679:652)
    at U.resolveCompletionItem (/usr/share/code/resources/app/out/vs/workbench/services/extensions/node/extensionHostProcess.js:679:419)
    at runMicrotasks (<anonymous>)
    at processTicksAndRejections (internal/process/task_queues.js:85:5)
[2020-07-17 15:05:52.389] [exthost] [error] [vscode.typescript-language-features] provider FAILED
[2020-07-17 15:05:52.390] [exthost] [error] Error: DisposableStore is missing...
    at U._convertCompletionItem (/usr/share/code/resources/app/out/vs/workbench/services/extensions/node/extensionHostProcess.js:679:652)
    at U.resolveCompletionItem (/usr/share/code/resources/app/out/vs/workbench/services/extensions/node/extensionHostProcess.js:679:419)
    at runMicrotasks (<anonymous>)
    at processTicksAndRejections (internal/process/task_queues.js:85:5)
[2020-07-17 15:08:43.621] [exthost] [error] [vscode.typescript-language-features] provider FAILED
[2020-07-17 15:08:43.622] [exthost] [error] Error: DisposableStore is missing...
    at U._convertCompletionItem (/usr/share/code/resources/app/out/vs/workbench/services/extensions/node/extensionHostProcess.js:679:652)
    at U.resolveCompletionItem (/usr/share/code/resources/app/out/vs/workbench/services/extensions/node/extensionHostProcess.js:679:419)
    at runMicrotasks (<anonymous>)
    at processTicksAndRejections (internal/process/task_queues.js:85:5)
[2020-07-17 15:17:38.638] [exthost] [error] [vscode.typescript-language-features] provider FAILED
[2020-07-17 15:17:38.639] [exthost] [error] Error: <semantic> TypeScript Server Error (3.9.6)
Debug Failure. Invalid cast. The supplied value [object Object] did not pass the test 'isStringLiteral'.
Error: Debug Failure. Invalid cast. The supplied value [object Object] did not pass the test 'isStringLiteral'.
    at Object.cast (/usr/share/code/resources/app/extensions/node_modules/typescript/lib/tsserver.js:1387:25)
    at tryGetImportedPackageName (/usr/share/code/resources/app/extensions/node_modules/typescript/lib/tsserver.js:131135:33)
    at Object.getCodeActions (/usr/share/code/resources/app/extensions/node_modules/typescript/lib/tsserver.js:131103:35)
    at /usr/share/code/resources/app/extensions/node_modules/typescript/lib/tsserver.js:127392:77
    at Object.flatMap (/usr/share/code/resources/app/extensions/node_modules/typescript/lib/tsserver.js:465:25)
    at Object.getFixes (/usr/share/code/resources/app/extensions/node_modules/typescript/lib/tsserver.js:127392:23)
    at /usr/share/code/resources/app/extensions/node_modules/typescript/lib/tsserver.js:139204:35
    at Object.flatMap (/usr/share/code/resources/app/extensions/node_modules/typescript/lib/tsserver.js:465:25)
    at Proxy.getCodeFixesAtPosition (/usr/share/code/resources/app/extensions/node_modules/typescript/lib/tsserver.js:139202:23)
    at Proxy.<anonymous> (/root/.vscode/extensions/jpoissonnier.vscode-styled-components-0.0.29/node_modules/typescript-template-language-service-decorator/lib/template-language-service-decorator.js:144:20)
    at IOSession.Session.getCodeFixes (/usr/share/code/resources/app/extensions/node_modules/typescript/lib/tsserver.js:149303:64)
    at Session.handlers.ts.createMapFromTemplate._a.<computed> (/usr/share/code/resources/app/extensions/node_modules/typescript/lib/tsserver.js:148040:61)
    at /usr/share/code/resources/app/extensions/node_modules/typescript/lib/tsserver.js:149553:88
    at IOSession.Session.executeWithRequestId (/usr/share/code/resources/app/extensions/node_modules/typescript/lib/tsserver.js:149544:28)
    at IOSession.Session.executeCommand (/usr/share/code/resources/app/extensions/node_modules/typescript/lib/tsserver.js:149553:33)
    at IOSession.Session.onMessage (/usr/share/code/resources/app/extensions/node_modules/typescript/lib/tsserver.js:149577:35)
    at Interface.<anonymous> (/usr/share/code/resources/app/extensions/node_modules/typescript/lib/tsserver.js:150893:27)
    at Interface.emit (events.js:203:13)
    at Interface._onLine (readline.js:316:10)
    at Interface._normalWrite (readline.js:461:12)
    at Socket.ondata (readline.js:172:10)
    at Socket.emit (events.js:203:13)
    at addChunk (_stream_readable.js:295:12)
    at readableAddChunk (_stream_readable.js:276:11)
    at Socket.Readable.push (_stream_readable.js:210:10)
    at Pipe.onStreamRead (internal/stream_base_commons.js:166:17)
    at Function.create (/usr/share/code/resources/app/extensions/typescript-language-features/dist/extension.js:1:55161)
    at h.dispatchResponse (/usr/share/code/resources/app/extensions/typescript-language-features/dist/extension.js:1:227777)
    at h.dispatchMessage (/usr/share/code/resources/app/extensions/typescript-language-features/dist/extension.js:1:226697)
    at /usr/share/code/resources/app/extensions/typescript-language-features/dist/extension.js:1:226173
    at l.fire (/usr/share/code/resources/app/out/vs/workbench/services/extensions/node/extensionHostProcess.js:45:801)
    at l.onLengthData (/usr/share/code/resources/app/extensions/typescript-language-features/dist/extension.js:1:235493)
    at Socket.<anonymous> (/usr/share/code/resources/app/extensions/typescript-language-features/dist/extension.js:1:235141)
    at Socket.emit (events.js:203:13)
    at addChunk (_stream_readable.js:295:12)
    at readableAddChunk (_stream_readable.js:276:11)
    at Socket.Readable.push (_stream_readable.js:210:10)
    at Pipe.onStreamRead (internal/stream_base_commons.js:166:17)
[2020-07-17 15:17:38.639] [exthost] [error] [vscode.typescript-language-features] provider FAILED
[2020-07-17 15:17:38.640] [exthost] [error] Error: <semantic> TypeScript Server Error (3.9.6)
Debug Failure. Invalid cast. The supplied value [object Object] did not pass the test 'isStringLiteral'.
Error: Debug Failure. Invalid cast. The supplied value [object Object] did not pass the test 'isStringLiteral'.
    at Object.cast (/usr/share/code/resources/app/extensions/node_modules/typescript/lib/tsserver.js:1387:25)
    at tryGetImportedPackageName (/usr/share/code/resources/app/extensions/node_modules/typescript/lib/tsserver.js:131135:33)
    at Object.getCodeActions (/usr/share/code/resources/app/extensions/node_modules/typescript/lib/tsserver.js:131103:35)
    at /usr/share/code/resources/app/extensions/node_modules/typescript/lib/tsserver.js:127392:77
    at Object.flatMap (/usr/share/code/resources/app/extensions/node_modules/typescript/lib/tsserver.js:465:25)
    at Object.getFixes (/usr/share/code/resources/app/extensions/node_modules/typescript/lib/tsserver.js:127392:23)
    at /usr/share/code/resources/app/extensions/node_modules/typescript/lib/tsserver.js:139204:35
    at Object.flatMap (/usr/share/code/resources/app/extensions/node_modules/typescript/lib/tsserver.js:465:25)
    at Proxy.getCodeFixesAtPosition (/usr/share/code/resources/app/extensions/node_modules/typescript/lib/tsserver.js:139202:23)
    at Proxy.<anonymous> (/root/.vscode/extensions/jpoissonnier.vscode-styled-components-0.0.29/node_modules/typescript-template-language-service-decorator/lib/template-language-service-decorator.js:144:20)
    at IOSession.Session.getCodeFixes (/usr/share/code/resources/app/extensions/node_modules/typescript/lib/tsserver.js:149303:64)
    at Session.handlers.ts.createMapFromTemplate._a.<computed> (/usr/share/code/resources/app/extensions/node_modules/typescript/lib/tsserver.js:148040:61)
    at /usr/share/code/resources/app/extensions/node_modules/typescript/lib/tsserver.js:149553:88
    at IOSession.Session.executeWithRequestId (/usr/share/code/resources/app/extensions/node_modules/typescript/lib/tsserver.js:149544:28)
    at IOSession.Session.executeCommand (/usr/share/code/resources/app/extensions/node_modules/typescript/lib/tsserver.js:149553:33)
    at IOSession.Session.onMessage (/usr/share/code/resources/app/extensions/node_modules/typescript/lib/tsserver.js:149577:35)
    at Interface.<anonymous> (/usr/share/code/resources/app/extensions/node_modules/typescript/lib/tsserver.js:150893:27)
    at Interface.emit (events.js:203:13)
    at Interface._onLine (readline.js:316:10)
    at Interface._normalWrite (readline.js:461:12)
    at Socket.ondata (readline.js:172:10)
    at Socket.emit (events.js:203:13)
    at addChunk (_stream_readable.js:295:12)
    at readableAddChunk (_stream_readable.js:276:11)
    at Socket.Readable.push (_stream_readable.js:210:10)
    at Pipe.onStreamRead (internal/stream_base_commons.js:166:17)
    at Function.create (/usr/share/code/resources/app/extensions/typescript-language-features/dist/extension.js:1:55161)
    at h.dispatchResponse (/usr/share/code/resources/app/extensions/typescript-language-features/dist/extension.js:1:227777)
    at h.dispatchMessage (/usr/share/code/resources/app/extensions/typescript-language-features/dist/extension.js:1:226697)
    at /usr/share/code/resources/app/extensions/typescript-language-features/dist/extension.js:1:226173
    at l.fire (/usr/share/code/resources/app/out/vs/workbench/services/extensions/node/extensionHostProcess.js:45:801)
    at l.onLengthData (/usr/share/code/resources/app/extensions/typescript-language-features/dist/extension.js:1:235493)
    at Socket.<anonymous> (/usr/share/code/resources/app/extensions/typescript-language-features/dist/extension.js:1:235141)
    at Socket.emit (events.js:203:13)
    at addChunk (_stream_readable.js:295:12)
    at readableAddChunk (_stream_readable.js:276:11)
    at Socket.Readable.push (_stream_readable.js:210:10)
    at Pipe.onStreamRead (internal/stream_base_commons.js:166:17)
[2020-07-17 15:17:38.641] [exthost] [error] [vscode.typescript-language-features] provider FAILED
[2020-07-17 15:17:38.641] [exthost] [error] Error: <semantic> TypeScript Server Error (3.9.6)
Debug Failure. Invalid cast. The supplied value [object Object] did not pass the test 'isStringLiteral'.
Error: Debug Failure. Invalid cast. The supplied value [object Object] did not pass the test 'isStringLiteral'.
    at Object.cast (/usr/share/code/resources/app/extensions/node_modules/typescript/lib/tsserver.js:1387:25)
    at tryGetImportedPackageName (/usr/share/code/resources/app/extensions/node_modules/typescript/lib/tsserver.js:131135:33)
    at Object.getCodeActions (/usr/share/code/resources/app/extensions/node_modules/typescript/lib/tsserver.js:131103:35)
    at /usr/share/code/resources/app/extensions/node_modules/typescript/lib/tsserver.js:127392:77
    at Object.flatMap (/usr/share/code/resources/app/extensions/node_modules/typescript/lib/tsserver.js:465:25)
    at Object.getFixes (/usr/share/code/resources/app/extensions/node_modules/typescript/lib/tsserver.js:127392:23)
    at /usr/share/code/resources/app/extensions/node_modules/typescript/lib/tsserver.js:139204:35
    at Object.flatMap (/usr/share/code/resources/app/extensions/node_modules/typescript/lib/tsserver.js:465:25)
    at Proxy.getCodeFixesAtPosition (/usr/share/code/resources/app/extensions/node_modules/typescript/lib/tsserver.js:139202:23)
    at Proxy.<anonymous> (/root/.vscode/extensions/jpoissonnier.vscode-styled-components-0.0.29/node_modules/typescript-template-language-service-decorator/lib/template-language-service-decorator.js:144:20)
    at IOSession.Session.getCodeFixes (/usr/share/code/resources/app/extensions/node_modules/typescript/lib/tsserver.js:149303:64)
    at Session.handlers.ts.createMapFromTemplate._a.<computed> (/usr/share/code/resources/app/extensions/node_modules/typescript/lib/tsserver.js:148040:61)
    at /usr/share/code/resources/app/extensions/node_modules/typescript/lib/tsserver.js:149553:88
    at IOSession.Session.executeWithRequestId (/usr/share/code/resources/app/extensions/node_modules/typescript/lib/tsserver.js:149544:28)
    at IOSession.Session.executeCommand (/usr/share/code/resources/app/extensions/node_modules/typescript/lib/tsserver.js:149553:33)
    at IOSession.Session.onMessage (/usr/share/code/resources/app/extensions/node_modules/typescript/lib/tsserver.js:149577:35)
    at Interface.<anonymous> (/usr/share/code/resources/app/extensions/node_modules/typescript/lib/tsserver.js:150893:27)
    at Interface.emit (events.js:203:13)
    at Interface._onLine (readline.js:316:10)
    at Interface._normalWrite (readline.js:461:12)
    at Socket.ondata (readline.js:172:10)
    at Socket.emit (events.js:203:13)
    at addChunk (_stream_readable.js:295:12)
    at readableAddChunk (_stream_readable.js:276:11)
    at Socket.Readable.push (_stream_readable.js:210:10)
    at Pipe.onStreamRead (internal/stream_base_commons.js:166:17)
    at Function.create (/usr/share/code/resources/app/extensions/typescript-language-features/dist/extension.js:1:55161)
    at h.dispatchResponse (/usr/share/code/resources/app/extensions/typescript-language-features/dist/extension.js:1:227777)
    at h.dispatchMessage (/usr/share/code/resources/app/extensions/typescript-language-features/dist/extension.js:1:226697)
    at /usr/share/code/resources/app/extensions/typescript-language-features/dist/extension.js:1:226173
    at l.fire (/usr/share/code/resources/app/out/vs/workbench/services/extensions/node/extensionHostProcess.js:45:801)
    at l.onLengthData (/usr/share/code/resources/app/extensions/typescript-language-features/dist/extension.js:1:235493)
    at Socket.<anonymous> (/usr/share/code/resources/app/extensions/typescript-language-features/dist/extension.js:1:235141)
    at Socket.emit (events.js:203:13)
    at addChunk (_stream_readable.js:295:12)
    at readableAddChunk (_stream_readable.js:276:11)
    at Socket.Readable.push (_stream_readable.js:210:10)
    at Pipe.onStreamRead (internal/stream_base_commons.js:166:17)
[2020-07-17 15:17:48.431] [exthost] [error] [vscode.typescript-language-features] provider FAILED
[2020-07-17 15:17:48.431] [exthost] [error] Error: DisposableStore is missing...
    at U._convertCompletionItem (/usr/share/code/resources/app/out/vs/workbench/services/extensions/node/extensionHostProcess.js:679:652)
    at U.resolveCompletionItem (/usr/share/code/resources/app/out/vs/workbench/services/extensions/node/extensionHostProcess.js:679:419)
    at processTicksAndRejections (internal/process/task_queues.js:85:5)
[2020-07-17 15:26:52.934] [exthost] [error] [vscode.typescript-language-features] provider FAILED
[2020-07-17 15:26:52.935] [exthost] [error] Error: DisposableStore is missing...
    at U._convertCompletionItem (/usr/share/code/resources/app/out/vs/workbench/services/extensions/node/extensionHostProcess.js:679:652)
    at U.resolveCompletionItem (/usr/share/code/resources/app/out/vs/workbench/services/extensions/node/extensionHostProcess.js:679:419)
    at runMicrotasks (<anonymous>)
    at processTicksAndRejections (internal/process/task_queues.js:85:5)
[2020-07-17 15:45:25.444] [exthost] [error] [vscode.typescript-language-features] provider FAILED
[2020-07-17 15:45:25.446] [exthost] [error] Error: DisposableStore is missing...
    at U._convertCompletionItem (/usr/share/code/resources/app/out/vs/workbench/services/extensions/node/extensionHostProcess.js:679:652)
    at U.resolveCompletionItem (/usr/share/code/resources/app/out/vs/workbench/services/extensions/node/extensionHostProcess.js:679:419)
    at runMicrotasks (<anonymous>)
    at processTicksAndRejections (internal/process/task_queues.js:85:5)
[2020-07-17 15:58:15.366] [exthost] [error] [vscode.typescript-language-features] provider FAILED
[2020-07-17 15:58:15.367] [exthost] [error] Error: DisposableStore is missing...
    at U._convertCompletionItem (/usr/share/code/resources/app/out/vs/workbench/services/extensions/node/extensionHostProcess.js:679:652)
    at U.resolveCompletionItem (/usr/share/code/resources/app/out/vs/workbench/services/extensions/node/extensionHostProcess.js:679:419)
    at runMicrotasks (<anonymous>)
    at processTicksAndRejections (internal/process/task_queues.js:85:5)
[2020-07-17 16:00:00.686] [exthost] [error] [vscode.typescript-language-features] provider FAILED
[2020-07-17 16:00:00.687] [exthost] [error] Error: DisposableStore is missing...
    at U._convertCompletionItem (/usr/share/code/resources/app/out/vs/workbench/services/extensions/node/extensionHostProcess.js:679:652)
    at U.resolveCompletionItem (/usr/share/code/resources/app/out/vs/workbench/services/extensions/node/extensionHostProcess.js:679:419)
    at processTicksAndRejections (internal/process/task_queues.js:85:5)
[2020-07-17 16:14:23.835] [exthost] [error] [vscode.typescript-language-features] provider FAILED
[2020-07-17 16:14:23.837] [exthost] [error] Error: DisposableStore is missing...
    at U._convertCompletionItem (/usr/share/code/resources/app/out/vs/workbench/services/extensions/node/extensionHostProcess.js:679:652)
    at U.resolveCompletionItem (/usr/share/code/resources/app/out/vs/workbench/services/extensions/node/extensionHostProcess.js:679:419)
    at runMicrotasks (<anonymous>)
    at processTicksAndRejections (internal/process/task_queues.js:85:5)
