[2020-07-16 12:57:06.435] [exthost] [info] extension host started
[2020-07-16 12:57:06.466] [exthost] [info] ExtensionService#_doActivateExtension vscode.debug-auto-launch {"startup":true,"extensionId":{"value":"vscode.debug-auto-launch","_lower":"vscode.debug-auto-launch"},"activationEvent":"*"}
[2020-07-16 12:57:06.466] [exthost] [info] ExtensionService#loadCommonJSModule file:///usr/share/code/resources/app/extensions/debug-auto-launch/dist/extension
[2020-07-16 12:57:06.718] [exthost] [info] ExtensionService#_doActivateExtension vscode.emmet {"startup":true,"extensionId":{"value":"vscode.emmet","_lower":"vscode.emmet"},"activationEvent":"*"}
[2020-07-16 12:57:06.718] [exthost] [info] ExtensionService#loadCommonJSModule file:///usr/share/code/resources/app/extensions/emmet/dist/extension
[2020-07-16 12:57:06.837] [exthost] [info] ExtensionService#_doActivateExtension vscode.git {"startup":true,"extensionId":{"value":"vscode.github","_lower":"vscode.github"},"activationEvent":"*"}
[2020-07-16 12:57:06.837] [exthost] [info] ExtensionService#loadCommonJSModule file:///usr/share/code/resources/app/extensions/git/dist/main
[2020-07-16 12:57:07.139] [exthost] [info] ExtensionService#_doActivateExtension vscode.github-authentication {"startup":true,"extensionId":{"value":"vscode.github-authentication","_lower":"vscode.github-authentication"},"activationEvent":"*"}
[2020-07-16 12:57:07.139] [exthost] [info] ExtensionService#loadCommonJSModule file:///usr/share/code/resources/app/extensions/github-authentication/dist/extension.js
[2020-07-16 12:57:07.234] [exthost] [info] ExtensionService#_doActivateExtension vscode.merge-conflict {"startup":true,"extensionId":{"value":"vscode.merge-conflict","_lower":"vscode.merge-conflict"},"activationEvent":"*"}
[2020-07-16 12:57:07.234] [exthost] [info] ExtensionService#loadCommonJSModule file:///usr/share/code/resources/app/extensions/merge-conflict/dist/mergeConflictMain
[2020-07-16 12:57:07.242] [exthost] [info] ExtensionService#_doActivateExtension vscode.microsoft-authentication {"startup":true,"extensionId":{"value":"vscode.microsoft-authentication","_lower":"vscode.microsoft-authentication"},"activationEvent":"*"}
[2020-07-16 12:57:07.242] [exthost] [info] ExtensionService#loadCommonJSModule file:///usr/share/code/resources/app/extensions/microsoft-authentication/dist/extension.js
[2020-07-16 12:57:07.354] [exthost] [info] ExtensionService#_doActivateExtension vscode.search-result {"startup":true,"extensionId":{"value":"vscode.search-result","_lower":"vscode.search-result"},"activationEvent":"*"}
[2020-07-16 12:57:07.354] [exthost] [info] ExtensionService#loadCommonJSModule file:///usr/share/code/resources/app/extensions/search-result/dist/extension.js
[2020-07-16 12:57:07.373] [exthost] [info] ExtensionService#_doActivateExtension CoenraadS.bracket-pair-colorizer-2 {"startup":true,"extensionId":{"value":"CoenraadS.bracket-pair-colorizer-2","_lower":"coenraads.bracket-pair-colorizer-2"},"activationEvent":"*"}
[2020-07-16 12:57:07.373] [exthost] [info] ExtensionService#loadCommonJSModule file:///root/.vscode/extensions/coenraads.bracket-pair-colorizer-2-0.2.0/out/src/extension
[2020-07-16 12:57:08.153] [exthost] [info] ExtensionService#_doActivateExtension dbaeumer.vscode-eslint {"startup":true,"extensionId":{"value":"dbaeumer.vscode-eslint","_lower":"dbaeumer.vscode-eslint"},"activationEvent":"*"}
[2020-07-16 12:57:08.153] [exthost] [info] ExtensionService#loadCommonJSModule file:///root/.vscode/extensions/dbaeumer.vscode-eslint-2.1.8/client/out/extension
[2020-07-16 12:57:08.262] [exthost] [info] ExtensionService#_doActivateExtension formulahendry.auto-rename-tag {"startup":true,"extensionId":{"value":"formulahendry.auto-rename-tag","_lower":"formulahendry.auto-rename-tag"},"activationEvent":"*"}
[2020-07-16 12:57:08.262] [exthost] [info] ExtensionService#loadCommonJSModule file:///root/.vscode/extensions/formulahendry.auto-rename-tag-0.1.4/packages/extension/dist/extensionMain.js
[2020-07-16 12:57:08.634] [exthost] [info] ExtensionService#_doActivateExtension kamikillerto.vscode-colorize {"startup":true,"extensionId":{"value":"kamikillerto.vscode-colorize","_lower":"kamikillerto.vscode-colorize"},"activationEvent":"*"}
[2020-07-16 12:57:08.634] [exthost] [info] ExtensionService#loadCommonJSModule file:///root/.vscode/extensions/kamikillerto.vscode-colorize-0.8.17/out/src/extension
[2020-07-16 12:57:09.010] [exthost] [info] ExtensionService#_doActivateExtension PKief.material-icon-theme {"startup":true,"extensionId":{"value":"PKief.material-icon-theme","_lower":"pkief.material-icon-theme"},"activationEvent":"*"}
[2020-07-16 12:57:09.010] [exthost] [info] ExtensionService#loadCommonJSModule file:///root/.vscode/extensions/pkief.material-icon-theme-4.2.0/dist/extension
[2020-07-16 12:57:09.051] [exthost] [info] ExtensionService#_doActivateExtension TabNine.tabnine-vscode {"startup":true,"extensionId":{"value":"TabNine.tabnine-vscode","_lower":"tabnine.tabnine-vscode"},"activationEvent":"*"}
[2020-07-16 12:57:09.051] [exthost] [info] ExtensionService#loadCommonJSModule file:///root/.vscode/extensions/tabnine.tabnine-vscode-2.8.10/out/extension
[2020-07-16 12:57:09.259] [exthost] [info] ExtensionService#_doActivateExtension vscode.npm {"startup":true,"extensionId":{"value":"vscode.npm","_lower":"vscode.npm"},"activationEvent":"workspaceContains:package.json"}
[2020-07-16 12:57:09.259] [exthost] [info] ExtensionService#loadCommonJSModule file:///usr/share/code/resources/app/extensions/npm/dist/npmMain
[2020-07-16 12:57:10.100] [exthost] [info] ExtensionService#_doActivateExtension vscode.configuration-editing {"startup":false,"extensionId":{"value":"vscode.configuration-editing","_lower":"vscode.configuration-editing"},"activationEvent":"onLanguage:jsonc"}
[2020-07-16 12:57:10.100] [exthost] [info] ExtensionService#loadCommonJSModule file:///usr/share/code/resources/app/extensions/configuration-editing/dist/configurationEditingMain
[2020-07-16 12:57:10.940] [exthost] [info] ExtensionService#_doActivateExtension vscode.json-language-features {"startup":false,"extensionId":{"value":"vscode.json-language-features","_lower":"vscode.json-language-features"},"activationEvent":"onLanguage:jsonc"}
[2020-07-16 12:57:10.940] [exthost] [info] ExtensionService#loadCommonJSModule file:///usr/share/code/resources/app/extensions/json-language-features/client/dist/node/jsonClientMain
[2020-07-16 12:57:11.917] [exthost] [info] ExtensionService#_doActivateExtension vscode.typescript-language-features {"startup":false,"extensionId":{"value":"vscode.typescript-language-features","_lower":"vscode.typescript-language-features"},"activationEvent":"onLanguage:jsonc"}
[2020-07-16 12:57:11.918] [exthost] [info] ExtensionService#loadCommonJSModule file:///usr/share/code/resources/app/extensions/typescript-language-features/dist/extension
[2020-07-16 12:57:12.318] [exthost] [info] ExtensionService#_doActivateExtension vscode.github {"startup":true,"extensionId":{"value":"vscode.github","_lower":"vscode.github"},"activationEvent":"*"}
[2020-07-16 12:57:12.318] [exthost] [info] ExtensionService#loadCommonJSModule file:///usr/share/code/resources/app/extensions/github/dist/extension.js
[2020-07-16 12:57:13.667] [exthost] [info] eager extensions activated
[2020-07-16 12:58:41.953] [exthost] [info] extension host started
[2020-07-16 12:58:41.968] [exthost] [info] ExtensionService#_doActivateExtension vscode.debug-auto-launch {"startup":true,"extensionId":{"value":"vscode.debug-auto-launch","_lower":"vscode.debug-auto-launch"},"activationEvent":"*"}
[2020-07-16 12:58:41.968] [exthost] [info] ExtensionService#loadCommonJSModule file:///usr/share/code/resources/app/extensions/debug-auto-launch/dist/extension
[2020-07-16 12:58:41.971] [exthost] [info] ExtensionService#_doActivateExtension vscode.emmet {"startup":true,"extensionId":{"value":"vscode.emmet","_lower":"vscode.emmet"},"activationEvent":"*"}
[2020-07-16 12:58:41.971] [exthost] [info] ExtensionService#loadCommonJSModule file:///usr/share/code/resources/app/extensions/emmet/dist/extension
[2020-07-16 12:58:41.991] [exthost] [info] ExtensionService#_doActivateExtension vscode.git {"startup":true,"extensionId":{"value":"vscode.github","_lower":"vscode.github"},"activationEvent":"*"}
[2020-07-16 12:58:41.991] [exthost] [info] ExtensionService#loadCommonJSModule file:///usr/share/code/resources/app/extensions/git/dist/main
[2020-07-16 12:58:42.005] [exthost] [info] ExtensionService#_doActivateExtension vscode.github-authentication {"startup":true,"extensionId":{"value":"vscode.github-authentication","_lower":"vscode.github-authentication"},"activationEvent":"*"}
[2020-07-16 12:58:42.005] [exthost] [info] ExtensionService#loadCommonJSModule file:///usr/share/code/resources/app/extensions/github-authentication/dist/extension.js
[2020-07-16 12:58:42.017] [exthost] [info] ExtensionService#_doActivateExtension vscode.merge-conflict {"startup":true,"extensionId":{"value":"vscode.merge-conflict","_lower":"vscode.merge-conflict"},"activationEvent":"*"}
[2020-07-16 12:58:42.017] [exthost] [info] ExtensionService#loadCommonJSModule file:///usr/share/code/resources/app/extensions/merge-conflict/dist/mergeConflictMain
[2020-07-16 12:58:42.021] [exthost] [info] ExtensionService#_doActivateExtension vscode.microsoft-authentication {"startup":true,"extensionId":{"value":"vscode.microsoft-authentication","_lower":"vscode.microsoft-authentication"},"activationEvent":"*"}
[2020-07-16 12:58:42.021] [exthost] [info] ExtensionService#loadCommonJSModule file:///usr/share/code/resources/app/extensions/microsoft-authentication/dist/extension.js
[2020-07-16 12:58:42.030] [exthost] [info] ExtensionService#_doActivateExtension vscode.search-result {"startup":true,"extensionId":{"value":"vscode.search-result","_lower":"vscode.search-result"},"activationEvent":"*"}
[2020-07-16 12:58:42.030] [exthost] [info] ExtensionService#loadCommonJSModule file:///usr/share/code/resources/app/extensions/search-result/dist/extension.js
[2020-07-16 12:58:42.031] [exthost] [info] ExtensionService#_doActivateExtension CoenraadS.bracket-pair-colorizer-2 {"startup":true,"extensionId":{"value":"CoenraadS.bracket-pair-colorizer-2","_lower":"coenraads.bracket-pair-colorizer-2"},"activationEvent":"*"}
[2020-07-16 12:58:42.031] [exthost] [info] ExtensionService#loadCommonJSModule file:///root/.vscode/extensions/coenraads.bracket-pair-colorizer-2-0.2.0/out/src/extension
[2020-07-16 12:58:42.047] [exthost] [info] ExtensionService#_doActivateExtension dbaeumer.vscode-eslint {"startup":true,"extensionId":{"value":"dbaeumer.vscode-eslint","_lower":"dbaeumer.vscode-eslint"},"activationEvent":"*"}
[2020-07-16 12:58:42.047] [exthost] [info] ExtensionService#loadCommonJSModule file:///root/.vscode/extensions/dbaeumer.vscode-eslint-2.1.8/client/out/extension
[2020-07-16 12:58:42.052] [exthost] [info] ExtensionService#_doActivateExtension formulahendry.auto-rename-tag {"startup":true,"extensionId":{"value":"formulahendry.auto-rename-tag","_lower":"formulahendry.auto-rename-tag"},"activationEvent":"*"}
[2020-07-16 12:58:42.052] [exthost] [info] ExtensionService#loadCommonJSModule file:///root/.vscode/extensions/formulahendry.auto-rename-tag-0.1.4/packages/extension/dist/extensionMain.js
[2020-07-16 12:58:42.056] [exthost] [info] ExtensionService#_doActivateExtension kamikillerto.vscode-colorize {"startup":true,"extensionId":{"value":"kamikillerto.vscode-colorize","_lower":"kamikillerto.vscode-colorize"},"activationEvent":"*"}
[2020-07-16 12:58:42.056] [exthost] [info] ExtensionService#loadCommonJSModule file:///root/.vscode/extensions/kamikillerto.vscode-colorize-0.8.17/out/src/extension
[2020-07-16 12:58:42.077] [exthost] [info] ExtensionService#_doActivateExtension PKief.material-icon-theme {"startup":true,"extensionId":{"value":"PKief.material-icon-theme","_lower":"pkief.material-icon-theme"},"activationEvent":"*"}
[2020-07-16 12:58:42.077] [exthost] [info] ExtensionService#loadCommonJSModule file:///root/.vscode/extensions/pkief.material-icon-theme-4.2.0/dist/extension
[2020-07-16 12:58:42.081] [exthost] [info] ExtensionService#_doActivateExtension TabNine.tabnine-vscode {"startup":true,"extensionId":{"value":"TabNine.tabnine-vscode","_lower":"tabnine.tabnine-vscode"},"activationEvent":"*"}
[2020-07-16 12:58:42.081] [exthost] [info] ExtensionService#loadCommonJSModule file:///root/.vscode/extensions/tabnine.tabnine-vscode-2.8.10/out/extension
[2020-07-16 12:58:42.103] [exthost] [info] ExtensionService#_doActivateExtension vscode.npm {"startup":true,"extensionId":{"value":"vscode.npm","_lower":"vscode.npm"},"activationEvent":"workspaceContains:package.json"}
[2020-07-16 12:58:42.103] [exthost] [info] ExtensionService#loadCommonJSModule file:///usr/share/code/resources/app/extensions/npm/dist/npmMain
[2020-07-16 12:58:42.448] [exthost] [info] ExtensionService#_doActivateExtension vscode.configuration-editing {"startup":false,"extensionId":{"value":"vscode.configuration-editing","_lower":"vscode.configuration-editing"},"activationEvent":"onLanguage:jsonc"}
[2020-07-16 12:58:42.448] [exthost] [info] ExtensionService#loadCommonJSModule file:///usr/share/code/resources/app/extensions/configuration-editing/dist/configurationEditingMain
[2020-07-16 12:58:42.451] [exthost] [info] ExtensionService#_doActivateExtension vscode.json-language-features {"startup":false,"extensionId":{"value":"vscode.json-language-features","_lower":"vscode.json-language-features"},"activationEvent":"onLanguage:jsonc"}
[2020-07-16 12:58:42.451] [exthost] [info] ExtensionService#loadCommonJSModule file:///usr/share/code/resources/app/extensions/json-language-features/client/dist/node/jsonClientMain
[2020-07-16 12:58:42.465] [exthost] [info] ExtensionService#_doActivateExtension vscode.typescript-language-features {"startup":false,"extensionId":{"value":"vscode.typescript-language-features","_lower":"vscode.typescript-language-features"},"activationEvent":"onLanguage:jsonc"}
[2020-07-16 12:58:42.465] [exthost] [info] ExtensionService#loadCommonJSModule file:///usr/share/code/resources/app/extensions/typescript-language-features/dist/extension
[2020-07-16 12:58:42.714] [exthost] [info] ExtensionService#_doActivateExtension vscode.github {"startup":true,"extensionId":{"value":"vscode.github","_lower":"vscode.github"},"activationEvent":"*"}
[2020-07-16 12:58:42.714] [exthost] [info] ExtensionService#loadCommonJSModule file:///usr/share/code/resources/app/extensions/github/dist/extension.js
[2020-07-16 12:58:42.755] [exthost] [info] eager extensions activated
[2020-07-16 13:05:03.400] [exthost] [info] ExtensionService#_doActivateExtension vscode.extension-editing {"startup":false,"extensionId":{"value":"vscode.extension-editing","_lower":"vscode.extension-editing"},"activationEvent":"onLanguage:typescript"}
[2020-07-16 13:05:03.400] [exthost] [info] ExtensionService#loadCommonJSModule file:///usr/share/code/resources/app/extensions/extension-editing/dist/extension
[2020-07-16 13:51:52.798] [exthost] [info] ExtensionService#_doActivateExtension streetsidesoftware.code-spell-checker {"startup":false,"extensionId":{"value":"streetsidesoftware.code-spell-checker","_lower":"streetsidesoftware.code-spell-checker"},"activationEvent":"*"}
[2020-07-16 13:51:52.799] [exthost] [info] ExtensionService#loadCommonJSModule file:///root/.vscode/extensions/streetsidesoftware.code-spell-checker-1.9.0/dist/extension
[2020-07-16 13:52:21.512] [exthost] [info] ExtensionService#_doActivateExtension streetsidesoftware.code-spell-checker-portuguese-brazilian {"startup":false,"extensionId":{"value":"streetsidesoftware.code-spell-checker-portuguese-brazilian","_lower":"streetsidesoftware.code-spell-checker-portuguese-brazilian"},"activationEvent":"*"}
[2020-07-16 13:52:21.512] [exthost] [info] ExtensionService#loadCommonJSModule file:///root/.vscode/extensions/streetsidesoftware.code-spell-checker-portuguese-brazilian-0.1.2/out/src/extension
[2020-07-16 14:09:28.108] [exthost] [error] [vscode.typescript-language-features] provider FAILED
[2020-07-16 14:09:28.109] [exthost] [error] Error: DisposableStore is missing...
    at U._convertCompletionItem (/usr/share/code/resources/app/out/vs/workbench/services/extensions/node/extensionHostProcess.js:679:652)
    at U.resolveCompletionItem (/usr/share/code/resources/app/out/vs/workbench/services/extensions/node/extensionHostProcess.js:679:419)
    at runMicrotasks (<anonymous>)
    at processTicksAndRejections (internal/process/task_queues.js:85:5)
[2020-07-16 14:17:20.263] [exthost] [info] ExtensionService#_doActivateExtension ms-vscode.js-debug {"startup":false,"extensionId":{"value":"ms-vscode.js-debug","_lower":"ms-vscode.js-debug"},"activationEvent":"onLanguage:json"}
[2020-07-16 14:17:20.263] [exthost] [info] ExtensionService#loadCommonJSModule file:///usr/share/code/resources/app/extensions/ms-vscode.js-debug/src/extension.js
[2020-07-16 14:17:29.891] [exthost] [info] extension host started
[2020-07-16 14:17:29.964] [exthost] [info] ExtensionService#_doActivateExtension vscode.extension-editing {"startup":false,"extensionId":{"value":"vscode.extension-editing","_lower":"vscode.extension-editing"},"activationEvent":"onLanguage:typescript"}
[2020-07-16 14:17:29.964] [exthost] [info] ExtensionService#loadCommonJSModule file:///usr/share/code/resources/app/extensions/extension-editing/dist/extension
[2020-07-16 14:17:30.472] [exthost] [info] ExtensionService#_doActivateExtension vscode.typescript-language-features {"startup":false,"extensionId":{"value":"vscode.typescript-language-features","_lower":"vscode.typescript-language-features"},"activationEvent":"onLanguage:typescript"}
[2020-07-16 14:17:30.472] [exthost] [info] ExtensionService#loadCommonJSModule file:///usr/share/code/resources/app/extensions/typescript-language-features/dist/extension
[2020-07-16 14:17:31.461] [exthost] [info] ExtensionService#_doActivateExtension vscode.debug-auto-launch {"startup":true,"extensionId":{"value":"vscode.debug-auto-launch","_lower":"vscode.debug-auto-launch"},"activationEvent":"*"}
[2020-07-16 14:17:31.461] [exthost] [info] ExtensionService#loadCommonJSModule file:///usr/share/code/resources/app/extensions/debug-auto-launch/dist/extension
[2020-07-16 14:17:31.690] [exthost] [info] ExtensionService#_doActivateExtension vscode.emmet {"startup":true,"extensionId":{"value":"vscode.emmet","_lower":"vscode.emmet"},"activationEvent":"*"}
[2020-07-16 14:17:31.690] [exthost] [info] ExtensionService#loadCommonJSModule file:///usr/share/code/resources/app/extensions/emmet/dist/extension
[2020-07-16 14:17:31.778] [exthost] [info] ExtensionService#_doActivateExtension vscode.git {"startup":true,"extensionId":{"value":"vscode.github","_lower":"vscode.github"},"activationEvent":"*"}
[2020-07-16 14:17:31.778] [exthost] [info] ExtensionService#loadCommonJSModule file:///usr/share/code/resources/app/extensions/git/dist/main
[2020-07-16 14:17:31.817] [exthost] [info] ExtensionService#_doActivateExtension vscode.github-authentication {"startup":true,"extensionId":{"value":"vscode.github-authentication","_lower":"vscode.github-authentication"},"activationEvent":"*"}
[2020-07-16 14:17:31.817] [exthost] [info] ExtensionService#loadCommonJSModule file:///usr/share/code/resources/app/extensions/github-authentication/dist/extension.js
[2020-07-16 14:17:31.904] [exthost] [info] ExtensionService#_doActivateExtension vscode.merge-conflict {"startup":true,"extensionId":{"value":"vscode.merge-conflict","_lower":"vscode.merge-conflict"},"activationEvent":"*"}
[2020-07-16 14:17:31.904] [exthost] [info] ExtensionService#loadCommonJSModule file:///usr/share/code/resources/app/extensions/merge-conflict/dist/mergeConflictMain
[2020-07-16 14:17:31.911] [exthost] [info] ExtensionService#_doActivateExtension vscode.microsoft-authentication {"startup":true,"extensionId":{"value":"vscode.microsoft-authentication","_lower":"vscode.microsoft-authentication"},"activationEvent":"*"}
[2020-07-16 14:17:31.911] [exthost] [info] ExtensionService#loadCommonJSModule file:///usr/share/code/resources/app/extensions/microsoft-authentication/dist/extension.js
[2020-07-16 14:17:31.962] [exthost] [info] ExtensionService#_doActivateExtension vscode.search-result {"startup":true,"extensionId":{"value":"vscode.search-result","_lower":"vscode.search-result"},"activationEvent":"*"}
[2020-07-16 14:17:31.962] [exthost] [info] ExtensionService#loadCommonJSModule file:///usr/share/code/resources/app/extensions/search-result/dist/extension.js
[2020-07-16 14:17:31.964] [exthost] [info] ExtensionService#_doActivateExtension CoenraadS.bracket-pair-colorizer-2 {"startup":true,"extensionId":{"value":"CoenraadS.bracket-pair-colorizer-2","_lower":"coenraads.bracket-pair-colorizer-2"},"activationEvent":"*"}
[2020-07-16 14:17:31.964] [exthost] [info] ExtensionService#loadCommonJSModule file:///root/.vscode/extensions/coenraads.bracket-pair-colorizer-2-0.2.0/out/src/extension
[2020-07-16 14:17:32.207] [exthost] [info] ExtensionService#_doActivateExtension dbaeumer.vscode-eslint {"startup":true,"extensionId":{"value":"dbaeumer.vscode-eslint","_lower":"dbaeumer.vscode-eslint"},"activationEvent":"*"}
[2020-07-16 14:17:32.207] [exthost] [info] ExtensionService#loadCommonJSModule file:///root/.vscode/extensions/dbaeumer.vscode-eslint-2.1.8/client/out/extension
[2020-07-16 14:17:32.315] [exthost] [info] ExtensionService#_doActivateExtension formulahendry.auto-rename-tag {"startup":true,"extensionId":{"value":"formulahendry.auto-rename-tag","_lower":"formulahendry.auto-rename-tag"},"activationEvent":"*"}
[2020-07-16 14:17:32.315] [exthost] [info] ExtensionService#loadCommonJSModule file:///root/.vscode/extensions/formulahendry.auto-rename-tag-0.1.4/packages/extension/dist/extensionMain.js
[2020-07-16 14:17:32.449] [exthost] [info] ExtensionService#_doActivateExtension PKief.material-icon-theme {"startup":true,"extensionId":{"value":"PKief.material-icon-theme","_lower":"pkief.material-icon-theme"},"activationEvent":"*"}
[2020-07-16 14:17:32.449] [exthost] [info] ExtensionService#loadCommonJSModule file:///root/.vscode/extensions/pkief.material-icon-theme-4.2.0/dist/extension
[2020-07-16 14:17:32.465] [exthost] [info] ExtensionService#_doActivateExtension streetsidesoftware.code-spell-checker {"startup":true,"extensionId":{"value":"streetsidesoftware.code-spell-checker-portuguese-brazilian","_lower":"streetsidesoftware.code-spell-checker-portuguese-brazilian"},"activationEvent":"*"}
[2020-07-16 14:17:32.465] [exthost] [info] ExtensionService#loadCommonJSModule file:///root/.vscode/extensions/streetsidesoftware.code-spell-checker-1.9.0/dist/extension
[2020-07-16 14:17:32.665] [exthost] [info] ExtensionService#_doActivateExtension TabNine.tabnine-vscode {"startup":true,"extensionId":{"value":"TabNine.tabnine-vscode","_lower":"tabnine.tabnine-vscode"},"activationEvent":"*"}
[2020-07-16 14:17:32.665] [exthost] [info] ExtensionService#loadCommonJSModule file:///root/.vscode/extensions/tabnine.tabnine-vscode-2.8.10/out/extension
[2020-07-16 14:17:32.782] [exthost] [info] ExtensionService#_doActivateExtension vscode.npm {"startup":true,"extensionId":{"value":"vscode.npm","_lower":"vscode.npm"},"activationEvent":"workspaceContains:package.json"}
[2020-07-16 14:17:32.782] [exthost] [info] ExtensionService#loadCommonJSModule file:///usr/share/code/resources/app/extensions/npm/dist/npmMain
[2020-07-16 14:17:33.680] [exthost] [info] ExtensionService#_doActivateExtension vscode.configuration-editing {"startup":false,"extensionId":{"value":"vscode.configuration-editing","_lower":"vscode.configuration-editing"},"activationEvent":"onLanguage:jsonc"}
[2020-07-16 14:17:33.680] [exthost] [info] ExtensionService#loadCommonJSModule file:///usr/share/code/resources/app/extensions/configuration-editing/dist/configurationEditingMain
[2020-07-16 14:17:33.906] [exthost] [info] ExtensionService#_doActivateExtension vscode.json-language-features {"startup":false,"extensionId":{"value":"vscode.json-language-features","_lower":"vscode.json-language-features"},"activationEvent":"onLanguage:jsonc"}
[2020-07-16 14:17:33.906] [exthost] [info] ExtensionService#loadCommonJSModule file:///usr/share/code/resources/app/extensions/json-language-features/client/dist/node/jsonClientMain
[2020-07-16 14:17:34.108] [exthost] [info] ExtensionService#_doActivateExtension vscode.github {"startup":true,"extensionId":{"value":"vscode.github","_lower":"vscode.github"},"activationEvent":"*"}
[2020-07-16 14:17:34.108] [exthost] [info] ExtensionService#loadCommonJSModule file:///usr/share/code/resources/app/extensions/github/dist/extension.js
[2020-07-16 14:17:34.180] [exthost] [info] ExtensionService#_doActivateExtension streetsidesoftware.code-spell-checker-portuguese-brazilian {"startup":true,"extensionId":{"value":"streetsidesoftware.code-spell-checker-portuguese-brazilian","_lower":"streetsidesoftware.code-spell-checker-portuguese-brazilian"},"activationEvent":"*"}
[2020-07-16 14:17:34.180] [exthost] [info] ExtensionService#loadCommonJSModule file:///root/.vscode/extensions/streetsidesoftware.code-spell-checker-portuguese-brazilian-0.1.2/out/src/extension
[2020-07-16 14:17:37.323] [exthost] [info] ExtensionService#_doActivateExtension ms-vscode.js-debug {"startup":false,"extensionId":{"value":"ms-vscode.js-debug","_lower":"ms-vscode.js-debug"},"activationEvent":"onLanguage:json"}
[2020-07-16 14:17:37.323] [exthost] [info] ExtensionService#loadCommonJSModule file:///usr/share/code/resources/app/extensions/ms-vscode.js-debug/src/extension.js
[2020-07-16 14:17:37.502] [exthost] [info] eager extensions activated
[2020-07-16 14:17:40.083] [exthost] [info] ExtensionService#_doActivateExtension kamikillerto.vscode-colorize {"startup":false,"extensionId":{"value":"kamikillerto.vscode-colorize","_lower":"kamikillerto.vscode-colorize"},"activationEvent":"*"}
[2020-07-16 14:17:40.083] [exthost] [info] ExtensionService#loadCommonJSModule file:///root/.vscode/extensions/kamikillerto.vscode-colorize-0.8.17/out/src/extension
[2020-07-16 14:29:42.965] [exthost] [error] [vscode.typescript-language-features] provider FAILED
[2020-07-16 14:29:42.968] [exthost] [error] Error: DisposableStore is missing...
    at U._convertCompletionItem (/usr/share/code/resources/app/out/vs/workbench/services/extensions/node/extensionHostProcess.js:679:652)
    at U.resolveCompletionItem (/usr/share/code/resources/app/out/vs/workbench/services/extensions/node/extensionHostProcess.js:679:419)
    at runMicrotasks (<anonymous>)
    at processTicksAndRejections (internal/process/task_queues.js:85:5)
[2020-07-16 14:47:40.636] [exthost] [info] ExtensionService#_doActivateExtension lonefy.vscode-JS-CSS-HTML-formatter {"startup":false,"extensionId":{"value":"lonefy.vscode-JS-CSS-HTML-formatter","_lower":"lonefy.vscode-js-css-html-formatter"},"activationEvent":"onLanguage:json"}
[2020-07-16 14:47:40.636] [exthost] [info] ExtensionService#loadCommonJSModule file:///root/.vscode/extensions/lonefy.vscode-js-css-html-formatter-0.2.3/out/src/extension
[2020-07-16 14:48:22.045] [exthost] [info] ExtensionService#_doActivateExtension esbenp.prettier-vscode {"startup":false,"extensionId":{"value":"esbenp.prettier-vscode","_lower":"esbenp.prettier-vscode"},"activationEvent":"*"}
[2020-07-16 14:48:22.045] [exthost] [info] ExtensionService#loadCommonJSModule file:///root/.vscode/extensions/esbenp.prettier-vscode-5.1.3/dist/extension
[2020-07-16 15:00:36.068] [exthost] [error] [vscode.typescript-language-features] provider FAILED
[2020-07-16 15:00:36.069] [exthost] [error] Error: DisposableStore is missing...
    at U._convertCompletionItem (/usr/share/code/resources/app/out/vs/workbench/services/extensions/node/extensionHostProcess.js:679:652)
    at U.resolveCompletionItem (/usr/share/code/resources/app/out/vs/workbench/services/extensions/node/extensionHostProcess.js:679:419)
    at processTicksAndRejections (internal/process/task_queues.js:85:5)
