[Info  - 14:17:33] ESLint server stopped.
[Info  - 14:17:33] ESLint server running in node v12.8.1
[Info  - 14:17:37] ESLint server is running.
[Info  - 14:17:42] ESLint library loaded from: /home/weslei/Documentos/www/rocketseat/clone-discord/node_modules/eslint/lib/api.js
The prop value with an expression type of JSXEmptyExpression could not be resolved. Please file issue to get this fixed immediately.
The prop value with an expression type of JSXEmptyExpression could not be resolved. Please file issue to get this fixed immediately.
The prop value with an expression type of JSXEmptyExpression could not be resolved. Please file issue to get this fixed immediately.
The prop value with an expression type of JSXEmptyExpression could not be resolved. Please file issue to get this fixed immediately.
The prop value with an expression type of JSXEmptyExpression could not be resolved. Please file issue to get this fixed immediately.
The prop value with an expression type of JSXEmptyExpression could not be resolved. Please file issue to get this fixed immediately.
The prop value with an expression type of JSXEmptyExpression could not be resolved. Please file issue to get this fixed immediately.
The prop value with an expression type of JSXEmptyExpression could not be resolved. Please file issue to get this fixed immediately.
The prop value with an expression type of JSXEmptyExpression could not be resolved. Please file issue to get this fixed immediately.
The prop value with an expression type of JSXEmptyExpression could not be resolved. Please file issue to get this fixed immediately.
The prop value with an expression type of JSXEmptyExpression could not be resolved. Please file issue to get this fixed immediately.
The prop value with an expression type of JSXEmptyExpression could not be resolved. Please file issue to get this fixed immediately.
The prop value with an expression type of JSXEmptyExpression could not be resolved. Please file issue to get this fixed immediately.
The prop value with an expression type of JSXEmptyExpression could not be resolved. Please file issue to get this fixed immediately.
The prop value with an expression type of JSXEmptyExpression could not be resolved. Please file issue to get this fixed immediately.
The prop value with an expression type of JSXEmptyExpression could not be resolved. Please file issue to get this fixed immediately.
The prop value with an expression type of JSXEmptyExpression could not be resolved. Please file issue to get this fixed immediately.
The prop value with an expression type of JSXEmptyExpression could not be resolved. Please file issue to get this fixed immediately.
The prop value with an expression type of JSXEmptyExpression could not be resolved. Please file issue to get this fixed immediately.
The prop value with an expression type of JSXEmptyExpression could not be resolved. Please file issue to get this fixed immediately.
The prop value with an expression type of JSXEmptyExpression could not be resolved. Please file issue to get this fixed immediately.
The prop value with an expression type of JSXEmptyExpression could not be resolved. Please file issue to get this fixed immediately.
The prop value with an expression type of JSXEmptyExpression could not be resolved. Please file issue to get this fixed immediately.
The prop value with an expression type of JSXEmptyExpression could not be resolved. Please file issue to get this fixed immediately.
The prop value with an expression type of JSXEmptyExpression could not be resolved. Please file issue to get this fixed immediately.
The prop value with an expression type of JSXEmptyExpression could not be resolved. Please file issue to get this fixed immediately.
The prop value with an expression type of JSXEmptyExpression could not be resolved. Please file issue to get this fixed immediately.
The prop value with an expression type of JSXEmptyExpression could not be resolved. Please file issue to get this fixed immediately.
[Info  - 15:21:47] ESLint server stopped.
