[2020-07-16 12:58:03.312] [renderer1] [info] Setting search error: XHR timeout: 5000ms
[2020-07-16 12:58:03.350] [renderer1] [info] Setting search error: XHR timeout: 5000ms
[2020-07-16 12:58:13.043] [renderer1] [info] Setting search error: XHR timeout: 5000ms
[2020-07-16 12:58:13.045] [renderer1] [info] Setting search error: XHR timeout: 5000ms
[2020-07-16 12:58:18.047] [renderer1] [info] Setting search error: XHR timeout: 5000ms
[2020-07-16 12:58:18.064] [renderer1] [info] Setting search error: XHR timeout: 5000ms
[2020-07-16 12:58:48.411] [renderer1] [info] Setting search error: XHR timeout: 5000ms
[2020-07-16 12:58:48.414] [renderer1] [info] Setting search error: XHR timeout: 5000ms
[2020-07-16 12:58:53.416] [renderer1] [info] Setting search error: XHR timeout: 5000ms
[2020-07-16 12:58:53.455] [renderer1] [info] Setting search error: XHR timeout: 5000ms
[2020-07-16 13:51:52.791] [renderer1] [error] Cannot invoke loadWASM more than once.: Error: Cannot invoke loadWASM more than once.
    at Object.t.loadWASM (/usr/share/code/resources/app/node_modules.asar/vscode-oniguruma/release/main.js:1:4823)
    at TextMateLoader.loadOniguruma (/root/.vscode/extensions/coenraads.bracket-pair-colorizer-2-0.2.0/out/src/textMateLoader.js:115:19)
    at new TextMateLoader (/root/.vscode/extensions/coenraads.bracket-pair-colorizer-2-0.2.0/out/src/textMateLoader.js:19:31)
    at new Settings (/root/.vscode/extensions/coenraads.bracket-pair-colorizer-2-0.2.0/out/src/settings.js:10:31)
    at new DocumentDecorationManager (/root/.vscode/extensions/coenraads.bracket-pair-colorizer-2-0.2.0/out/src/documentDecorationManager.js:9:25)
    at restart (/root/.vscode/extensions/coenraads.bracket-pair-colorizer-2-0.2.0/out/src/extension.js:42:37)
    at /root/.vscode/extensions/coenraads.bracket-pair-colorizer-2-0.2.0/out/src/extension.js:7:43
    at l.fire (/usr/share/code/resources/app/out/vs/workbench/services/extensions/node/extensionHostProcess.js:45:801)
    at s.deltaExtensions (/usr/share/code/resources/app/out/vs/workbench/services/extensions/node/extensionHostProcess.js:590:215)
    at h.$deltaExtensions (/usr/share/code/resources/app/out/vs/workbench/services/extensions/node/extensionHostProcess.js:843:824)
    at runMicrotasks (<anonymous>)
    at processTicksAndRejections (internal/process/task_queues.js:85:5)
[2020-07-16 13:52:21.511] [renderer1] [error] Cannot invoke loadWASM more than once.: Error: Cannot invoke loadWASM more than once.
    at Object.t.loadWASM (/usr/share/code/resources/app/node_modules.asar/vscode-oniguruma/release/main.js:1:4823)
    at TextMateLoader.loadOniguruma (/root/.vscode/extensions/coenraads.bracket-pair-colorizer-2-0.2.0/out/src/textMateLoader.js:115:19)
    at new TextMateLoader (/root/.vscode/extensions/coenraads.bracket-pair-colorizer-2-0.2.0/out/src/textMateLoader.js:19:31)
    at new Settings (/root/.vscode/extensions/coenraads.bracket-pair-colorizer-2-0.2.0/out/src/settings.js:10:31)
    at new DocumentDecorationManager (/root/.vscode/extensions/coenraads.bracket-pair-colorizer-2-0.2.0/out/src/documentDecorationManager.js:9:25)
    at restart (/root/.vscode/extensions/coenraads.bracket-pair-colorizer-2-0.2.0/out/src/extension.js:42:37)
    at /root/.vscode/extensions/coenraads.bracket-pair-colorizer-2-0.2.0/out/src/extension.js:7:43
    at l.fire (/usr/share/code/resources/app/out/vs/workbench/services/extensions/node/extensionHostProcess.js:45:801)
    at s.deltaExtensions (/usr/share/code/resources/app/out/vs/workbench/services/extensions/node/extensionHostProcess.js:590:215)
    at h.$deltaExtensions (/usr/share/code/resources/app/out/vs/workbench/services/extensions/node/extensionHostProcess.js:843:824)
    at runMicrotasks (<anonymous>)
    at processTicksAndRejections (internal/process/task_queues.js:85:5)
[2020-07-16 14:12:26.387] [renderer1] [error] Cannot read property 'getRuleStack' of undefined: TypeError: Cannot read property 'getRuleStack' of undefined
    at DocumentDecoration.onDidChangeTextDocument (/root/.vscode/extensions/coenraads.bracket-pair-colorizer-2-0.2.0/out/src/documentDecoration.js:42:26)
    at DocumentDecorationManager.onDidChangeTextDocument (/root/.vscode/extensions/coenraads.bracket-pair-colorizer-2-0.2.0/out/src/documentDecorationManager.js:47:32)
    at /root/.vscode/extensions/coenraads.bracket-pair-colorizer-2-0.2.0/out/src/extension.js:30:39
    at l.fire (/usr/share/code/resources/app/out/vs/workbench/services/extensions/node/extensionHostProcess.js:45:801)
    at t.ExtHostDocuments.$acceptModelChanged (/usr/share/code/resources/app/out/vs/workbench/services/extensions/node/extensionHostProcess.js:651:742)
    at m._doInvokeHandler (/usr/share/code/resources/app/out/vs/workbench/services/extensions/node/extensionHostProcess.js:801:683)
    at m._invokeHandler (/usr/share/code/resources/app/out/vs/workbench/services/extensions/node/extensionHostProcess.js:801:375)
    at m._receiveRequest (/usr/share/code/resources/app/out/vs/workbench/services/extensions/node/extensionHostProcess.js:800:14)
    at m._receiveOneMessage (/usr/share/code/resources/app/out/vs/workbench/services/extensions/node/extensionHostProcess.js:798:832)
    at /usr/share/code/resources/app/out/vs/workbench/services/extensions/node/extensionHostProcess.js:797:34
    at l.fire (/usr/share/code/resources/app/out/vs/workbench/services/extensions/node/extensionHostProcess.js:45:801)
    at v.fire (/usr/share/code/resources/app/out/vs/workbench/services/extensions/node/extensionHostProcess.js:235:849)
    at /usr/share/code/resources/app/out/vs/workbench/services/extensions/node/extensionHostProcess.js:975:744
    at l.fire (/usr/share/code/resources/app/out/vs/workbench/services/extensions/node/extensionHostProcess.js:45:801)
    at v.fire (/usr/share/code/resources/app/out/vs/workbench/services/extensions/node/extensionHostProcess.js:235:849)
    at t.PersistentProtocol._receiveMessage (/usr/share/code/resources/app/out/vs/workbench/services/extensions/node/extensionHostProcess.js:240:276)
    at /usr/share/code/resources/app/out/vs/workbench/services/extensions/node/extensionHostProcess.js:237:357
    at l.fire (/usr/share/code/resources/app/out/vs/workbench/services/extensions/node/extensionHostProcess.js:45:801)
    at p.acceptChunk (/usr/share/code/resources/app/out/vs/workbench/services/extensions/node/extensionHostProcess.js:233:393)
    at /usr/share/code/resources/app/out/vs/workbench/services/extensions/node/extensionHostProcess.js:232:753
    at Socket.t (/usr/share/code/resources/app/out/vs/workbench/services/extensions/node/extensionHostProcess.js:241:826)
    at Socket.emit (events.js:203:13)
    at addChunk (_stream_readable.js:295:12)
    at readableAddChunk (_stream_readable.js:276:11)
    at Socket.Readable.push (_stream_readable.js:210:10)
    at Pipe.onStreamRead (internal/stream_base_commons.js:166:17)
[2020-07-16 14:17:40.082] [renderer1] [error] Cannot invoke loadWASM more than once.: Error: Cannot invoke loadWASM more than once.
    at Object.t.loadWASM (/usr/share/code/resources/app/node_modules.asar/vscode-oniguruma/release/main.js:1:4823)
    at TextMateLoader.loadOniguruma (/root/.vscode/extensions/coenraads.bracket-pair-colorizer-2-0.2.0/out/src/textMateLoader.js:115:19)
    at new TextMateLoader (/root/.vscode/extensions/coenraads.bracket-pair-colorizer-2-0.2.0/out/src/textMateLoader.js:19:31)
    at new Settings (/root/.vscode/extensions/coenraads.bracket-pair-colorizer-2-0.2.0/out/src/settings.js:10:31)
    at new DocumentDecorationManager (/root/.vscode/extensions/coenraads.bracket-pair-colorizer-2-0.2.0/out/src/documentDecorationManager.js:9:25)
    at restart (/root/.vscode/extensions/coenraads.bracket-pair-colorizer-2-0.2.0/out/src/extension.js:42:37)
    at /root/.vscode/extensions/coenraads.bracket-pair-colorizer-2-0.2.0/out/src/extension.js:7:43
    at l.fire (/usr/share/code/resources/app/out/vs/workbench/services/extensions/node/extensionHostProcess.js:45:801)
    at s.deltaExtensions (/usr/share/code/resources/app/out/vs/workbench/services/extensions/node/extensionHostProcess.js:590:215)
    at h.$deltaExtensions (/usr/share/code/resources/app/out/vs/workbench/services/extensions/node/extensionHostProcess.js:843:824)
    at processTicksAndRejections (internal/process/task_queues.js:85:5)
[2020-07-16 14:47:40.635] [renderer1] [error] Cannot invoke loadWASM more than once.: Error: Cannot invoke loadWASM more than once.
    at Object.t.loadWASM (/usr/share/code/resources/app/node_modules.asar/vscode-oniguruma/release/main.js:1:4823)
    at TextMateLoader.loadOniguruma (/root/.vscode/extensions/coenraads.bracket-pair-colorizer-2-0.2.0/out/src/textMateLoader.js:115:19)
    at new TextMateLoader (/root/.vscode/extensions/coenraads.bracket-pair-colorizer-2-0.2.0/out/src/textMateLoader.js:19:31)
    at new Settings (/root/.vscode/extensions/coenraads.bracket-pair-colorizer-2-0.2.0/out/src/settings.js:10:31)
    at new DocumentDecorationManager (/root/.vscode/extensions/coenraads.bracket-pair-colorizer-2-0.2.0/out/src/documentDecorationManager.js:9:25)
    at restart (/root/.vscode/extensions/coenraads.bracket-pair-colorizer-2-0.2.0/out/src/extension.js:42:37)
    at /root/.vscode/extensions/coenraads.bracket-pair-colorizer-2-0.2.0/out/src/extension.js:7:43
    at l.fire (/usr/share/code/resources/app/out/vs/workbench/services/extensions/node/extensionHostProcess.js:45:801)
    at s.deltaExtensions (/usr/share/code/resources/app/out/vs/workbench/services/extensions/node/extensionHostProcess.js:590:215)
    at h.$deltaExtensions (/usr/share/code/resources/app/out/vs/workbench/services/extensions/node/extensionHostProcess.js:843:824)
    at runMicrotasks (<anonymous>)
    at processTicksAndRejections (internal/process/task_queues.js:85:5)
[2020-07-16 14:48:22.044] [renderer1] [error] Cannot invoke loadWASM more than once.: Error: Cannot invoke loadWASM more than once.
    at Object.t.loadWASM (/usr/share/code/resources/app/node_modules.asar/vscode-oniguruma/release/main.js:1:4823)
    at TextMateLoader.loadOniguruma (/root/.vscode/extensions/coenraads.bracket-pair-colorizer-2-0.2.0/out/src/textMateLoader.js:115:19)
    at new TextMateLoader (/root/.vscode/extensions/coenraads.bracket-pair-colorizer-2-0.2.0/out/src/textMateLoader.js:19:31)
    at new Settings (/root/.vscode/extensions/coenraads.bracket-pair-colorizer-2-0.2.0/out/src/settings.js:10:31)
    at new DocumentDecorationManager (/root/.vscode/extensions/coenraads.bracket-pair-colorizer-2-0.2.0/out/src/documentDecorationManager.js:9:25)
    at restart (/root/.vscode/extensions/coenraads.bracket-pair-colorizer-2-0.2.0/out/src/extension.js:42:37)
    at /root/.vscode/extensions/coenraads.bracket-pair-colorizer-2-0.2.0/out/src/extension.js:7:43
    at l.fire (/usr/share/code/resources/app/out/vs/workbench/services/extensions/node/extensionHostProcess.js:45:801)
    at s.deltaExtensions (/usr/share/code/resources/app/out/vs/workbench/services/extensions/node/extensionHostProcess.js:590:215)
    at h.$deltaExtensions (/usr/share/code/resources/app/out/vs/workbench/services/extensions/node/extensionHostProcess.js:843:824)
    at runMicrotasks (<anonymous>)
    at processTicksAndRejections (internal/process/task_queues.js:85:5)
[2020-07-16 14:54:16.748] [renderer1] [error] Cannot read property 'getRuleStack' of undefined: TypeError: Cannot read property 'getRuleStack' of undefined
    at DocumentDecoration.tokenizeLine (/root/.vscode/extensions/coenraads.bracket-pair-colorizer-2-0.2.0/out/src/documentDecoration.js:227:35)
    at DocumentDecoration.onDidChangeTextDocument (/root/.vscode/extensions/coenraads.bracket-pair-colorizer-2-0.2.0/out/src/documentDecoration.js:39:30)
    at DocumentDecorationManager.onDidChangeTextDocument (/root/.vscode/extensions/coenraads.bracket-pair-colorizer-2-0.2.0/out/src/documentDecorationManager.js:47:32)
    at /root/.vscode/extensions/coenraads.bracket-pair-colorizer-2-0.2.0/out/src/extension.js:30:39
    at l.fire (/usr/share/code/resources/app/out/vs/workbench/services/extensions/node/extensionHostProcess.js:45:801)
    at t.ExtHostDocuments.$acceptModelChanged (/usr/share/code/resources/app/out/vs/workbench/services/extensions/node/extensionHostProcess.js:651:742)
    at m._doInvokeHandler (/usr/share/code/resources/app/out/vs/workbench/services/extensions/node/extensionHostProcess.js:801:683)
    at m._invokeHandler (/usr/share/code/resources/app/out/vs/workbench/services/extensions/node/extensionHostProcess.js:801:375)
    at m._receiveRequest (/usr/share/code/resources/app/out/vs/workbench/services/extensions/node/extensionHostProcess.js:800:14)
    at m._receiveOneMessage (/usr/share/code/resources/app/out/vs/workbench/services/extensions/node/extensionHostProcess.js:798:832)
    at /usr/share/code/resources/app/out/vs/workbench/services/extensions/node/extensionHostProcess.js:797:34
    at l.fire (/usr/share/code/resources/app/out/vs/workbench/services/extensions/node/extensionHostProcess.js:45:801)
    at v.fire (/usr/share/code/resources/app/out/vs/workbench/services/extensions/node/extensionHostProcess.js:235:849)
    at /usr/share/code/resources/app/out/vs/workbench/services/extensions/node/extensionHostProcess.js:975:744
    at l.fire (/usr/share/code/resources/app/out/vs/workbench/services/extensions/node/extensionHostProcess.js:45:801)
    at v.fire (/usr/share/code/resources/app/out/vs/workbench/services/extensions/node/extensionHostProcess.js:235:849)
    at t.PersistentProtocol._receiveMessage (/usr/share/code/resources/app/out/vs/workbench/services/extensions/node/extensionHostProcess.js:240:276)
    at /usr/share/code/resources/app/out/vs/workbench/services/extensions/node/extensionHostProcess.js:237:357
    at l.fire (/usr/share/code/resources/app/out/vs/workbench/services/extensions/node/extensionHostProcess.js:45:801)
    at p.acceptChunk (/usr/share/code/resources/app/out/vs/workbench/services/extensions/node/extensionHostProcess.js:233:393)
    at /usr/share/code/resources/app/out/vs/workbench/services/extensions/node/extensionHostProcess.js:232:753
    at Socket.t (/usr/share/code/resources/app/out/vs/workbench/services/extensions/node/extensionHostProcess.js:241:826)
    at Socket.emit (events.js:203:13)
    at addChunk (_stream_readable.js:295:12)
    at readableAddChunk (_stream_readable.js:276:11)
    at Socket.Readable.push (_stream_readable.js:210:10)
    at Pipe.onStreamRead (internal/stream_base_commons.js:166:17)
[2020-07-16 14:54:17.750] [renderer1] [error] Cannot read property 'getRuleStack' of undefined: TypeError: Cannot read property 'getRuleStack' of undefined
    at DocumentDecoration.tokenizeLine (/root/.vscode/extensions/coenraads.bracket-pair-colorizer-2-0.2.0/out/src/documentDecoration.js:227:35)
    at DocumentDecoration.onDidChangeTextDocument (/root/.vscode/extensions/coenraads.bracket-pair-colorizer-2-0.2.0/out/src/documentDecoration.js:39:30)
    at DocumentDecorationManager.onDidChangeTextDocument (/root/.vscode/extensions/coenraads.bracket-pair-colorizer-2-0.2.0/out/src/documentDecorationManager.js:47:32)
    at /root/.vscode/extensions/coenraads.bracket-pair-colorizer-2-0.2.0/out/src/extension.js:30:39
    at l.fire (/usr/share/code/resources/app/out/vs/workbench/services/extensions/node/extensionHostProcess.js:45:801)
    at t.ExtHostDocuments.$acceptModelChanged (/usr/share/code/resources/app/out/vs/workbench/services/extensions/node/extensionHostProcess.js:651:742)
    at m._doInvokeHandler (/usr/share/code/resources/app/out/vs/workbench/services/extensions/node/extensionHostProcess.js:801:683)
    at m._invokeHandler (/usr/share/code/resources/app/out/vs/workbench/services/extensions/node/extensionHostProcess.js:801:375)
    at m._receiveRequest (/usr/share/code/resources/app/out/vs/workbench/services/extensions/node/extensionHostProcess.js:800:14)
    at m._receiveOneMessage (/usr/share/code/resources/app/out/vs/workbench/services/extensions/node/extensionHostProcess.js:798:832)
    at /usr/share/code/resources/app/out/vs/workbench/services/extensions/node/extensionHostProcess.js:797:34
    at l.fire (/usr/share/code/resources/app/out/vs/workbench/services/extensions/node/extensionHostProcess.js:45:801)
    at v.fire (/usr/share/code/resources/app/out/vs/workbench/services/extensions/node/extensionHostProcess.js:235:849)
    at /usr/share/code/resources/app/out/vs/workbench/services/extensions/node/extensionHostProcess.js:975:744
    at l.fire (/usr/share/code/resources/app/out/vs/workbench/services/extensions/node/extensionHostProcess.js:45:801)
    at v.fire (/usr/share/code/resources/app/out/vs/workbench/services/extensions/node/extensionHostProcess.js:235:849)
    at t.PersistentProtocol._receiveMessage (/usr/share/code/resources/app/out/vs/workbench/services/extensions/node/extensionHostProcess.js:240:276)
    at /usr/share/code/resources/app/out/vs/workbench/services/extensions/node/extensionHostProcess.js:237:357
    at l.fire (/usr/share/code/resources/app/out/vs/workbench/services/extensions/node/extensionHostProcess.js:45:801)
    at p.acceptChunk (/usr/share/code/resources/app/out/vs/workbench/services/extensions/node/extensionHostProcess.js:233:393)
    at /usr/share/code/resources/app/out/vs/workbench/services/extensions/node/extensionHostProcess.js:232:753
    at Socket.t (/usr/share/code/resources/app/out/vs/workbench/services/extensions/node/extensionHostProcess.js:241:826)
    at Socket.emit (events.js:203:13)
    at addChunk (_stream_readable.js:295:12)
    at readableAddChunk (_stream_readable.js:276:11)
    at Socket.Readable.push (_stream_readable.js:210:10)
    at Pipe.onStreamRead (internal/stream_base_commons.js:166:17)
[2020-07-16 15:08:27.838] [renderer1] [error] Illegal value for `line`: Error: Illegal value for `line`
    at d._lineAt (/usr/share/code/resources/app/out/vs/workbench/services/extensions/node/extensionHostProcess.js:465:884)
    at Object.rangeOffset [as lineAt] (/usr/share/code/resources/app/out/vs/workbench/services/extensions/node/extensionHostProcess.js:464:823)
    at /root/.vscode/extensions/formulahendry.auto-rename-tag-0.1.4/packages/extension/dist/webpack:/src/extensionMain.ts:304:41
    at l.fire (/usr/share/code/resources/app/out/vs/workbench/services/extensions/node/extensionHostProcess.js:45:801)
    at t.ExtHostDocuments.$acceptModelChanged (/usr/share/code/resources/app/out/vs/workbench/services/extensions/node/extensionHostProcess.js:651:742)
    at m._doInvokeHandler (/usr/share/code/resources/app/out/vs/workbench/services/extensions/node/extensionHostProcess.js:801:683)
    at m._invokeHandler (/usr/share/code/resources/app/out/vs/workbench/services/extensions/node/extensionHostProcess.js:801:375)
    at m._receiveRequest (/usr/share/code/resources/app/out/vs/workbench/services/extensions/node/extensionHostProcess.js:800:14)
    at m._receiveOneMessage (/usr/share/code/resources/app/out/vs/workbench/services/extensions/node/extensionHostProcess.js:798:832)
    at /usr/share/code/resources/app/out/vs/workbench/services/extensions/node/extensionHostProcess.js:797:34
    at l.fire (/usr/share/code/resources/app/out/vs/workbench/services/extensions/node/extensionHostProcess.js:45:801)
    at v.fire (/usr/share/code/resources/app/out/vs/workbench/services/extensions/node/extensionHostProcess.js:235:849)
    at /usr/share/code/resources/app/out/vs/workbench/services/extensions/node/extensionHostProcess.js:975:744
    at l.fire (/usr/share/code/resources/app/out/vs/workbench/services/extensions/node/extensionHostProcess.js:45:801)
    at v.fire (/usr/share/code/resources/app/out/vs/workbench/services/extensions/node/extensionHostProcess.js:235:849)
    at t.PersistentProtocol._receiveMessage (/usr/share/code/resources/app/out/vs/workbench/services/extensions/node/extensionHostProcess.js:240:276)
    at /usr/share/code/resources/app/out/vs/workbench/services/extensions/node/extensionHostProcess.js:237:357
    at l.fire (/usr/share/code/resources/app/out/vs/workbench/services/extensions/node/extensionHostProcess.js:45:801)
    at p.acceptChunk (/usr/share/code/resources/app/out/vs/workbench/services/extensions/node/extensionHostProcess.js:233:393)
    at /usr/share/code/resources/app/out/vs/workbench/services/extensions/node/extensionHostProcess.js:232:753
    at Socket.t (/usr/share/code/resources/app/out/vs/workbench/services/extensions/node/extensionHostProcess.js:241:826)
    at Socket.emit (events.js:203:13)
    at addChunk (_stream_readable.js:295:12)
    at readableAddChunk (_stream_readable.js:276:11)
    at Socket.Readable.push (_stream_readable.js:210:10)
    at Pipe.onStreamRead (internal/stream_base_commons.js:166:17)
[2020-07-16 15:11:18.539] [renderer1] [error] Illegal value for `line`: Error: Illegal value for `line`
    at d._lineAt (/usr/share/code/resources/app/out/vs/workbench/services/extensions/node/extensionHostProcess.js:465:884)
    at Object.rangeOffset [as lineAt] (/usr/share/code/resources/app/out/vs/workbench/services/extensions/node/extensionHostProcess.js:464:823)
    at /root/.vscode/extensions/formulahendry.auto-rename-tag-0.1.4/packages/extension/dist/webpack:/src/extensionMain.ts:304:41
    at l.fire (/usr/share/code/resources/app/out/vs/workbench/services/extensions/node/extensionHostProcess.js:45:801)
    at t.ExtHostDocuments.$acceptModelChanged (/usr/share/code/resources/app/out/vs/workbench/services/extensions/node/extensionHostProcess.js:651:742)
    at m._doInvokeHandler (/usr/share/code/resources/app/out/vs/workbench/services/extensions/node/extensionHostProcess.js:801:683)
    at m._invokeHandler (/usr/share/code/resources/app/out/vs/workbench/services/extensions/node/extensionHostProcess.js:801:375)
    at m._receiveRequest (/usr/share/code/resources/app/out/vs/workbench/services/extensions/node/extensionHostProcess.js:800:14)
    at m._receiveOneMessage (/usr/share/code/resources/app/out/vs/workbench/services/extensions/node/extensionHostProcess.js:798:832)
    at /usr/share/code/resources/app/out/vs/workbench/services/extensions/node/extensionHostProcess.js:797:34
    at l.fire (/usr/share/code/resources/app/out/vs/workbench/services/extensions/node/extensionHostProcess.js:45:801)
    at v.fire (/usr/share/code/resources/app/out/vs/workbench/services/extensions/node/extensionHostProcess.js:235:849)
    at /usr/share/code/resources/app/out/vs/workbench/services/extensions/node/extensionHostProcess.js:975:744
    at l.fire (/usr/share/code/resources/app/out/vs/workbench/services/extensions/node/extensionHostProcess.js:45:801)
    at v.fire (/usr/share/code/resources/app/out/vs/workbench/services/extensions/node/extensionHostProcess.js:235:849)
    at t.PersistentProtocol._receiveMessage (/usr/share/code/resources/app/out/vs/workbench/services/extensions/node/extensionHostProcess.js:240:276)
    at /usr/share/code/resources/app/out/vs/workbench/services/extensions/node/extensionHostProcess.js:237:357
    at l.fire (/usr/share/code/resources/app/out/vs/workbench/services/extensions/node/extensionHostProcess.js:45:801)
    at p.acceptChunk (/usr/share/code/resources/app/out/vs/workbench/services/extensions/node/extensionHostProcess.js:233:393)
    at /usr/share/code/resources/app/out/vs/workbench/services/extensions/node/extensionHostProcess.js:232:753
    at Socket.t (/usr/share/code/resources/app/out/vs/workbench/services/extensions/node/extensionHostProcess.js:241:826)
    at Socket.emit (events.js:203:13)
    at addChunk (_stream_readable.js:295:12)
    at readableAddChunk (_stream_readable.js:276:11)
    at Socket.Readable.push (_stream_readable.js:210:10)
    at Pipe.onStreamRead (internal/stream_base_commons.js:166:17)
