[2020-07-16 12:57:02.494] [sharedprocess] [info] main {"machineId":"ef6135795ec6592dae586b54fb2db5f834dc0b9583b5e7426a5b679dc89a8492","windowId":2}
[2020-07-16 12:57:03.454] [sharedprocess] [info] Deleted from disk coenraads.bracket-pair-colorizer /root/.vscode/extensions/coenraads.bracket-pair-colorizer-1.0.61
[2020-07-16 12:57:42.506] [sharedprocess] [info] Starting to clean up unused language packs.
[2020-07-16 12:58:43.316] [sharedprocess] [info] main {"machineId":"ef6135795ec6592dae586b54fb2db5f834dc0b9583b5e7426a5b679dc89a8492","windowId":2}
[2020-07-16 12:59:23.328] [sharedprocess] [info] Starting to clean up unused language packs.
[2020-07-16 13:51:48.548] [sharedprocess] [info] Installing extension: streetsidesoftware.code-spell-checker
[2020-07-16 13:51:50.512] [sharedprocess] [info] Downloaded extension: streetsidesoftware.code-spell-checker /home/weslei/Documentos/www/rocketseat/clone-discord/~/.vscode-root/CachedExtensionVSIXs/streetsidesoftware.code-spell-checker-1.9.0
[2020-07-16 13:51:52.332] [sharedprocess] [info] Extracted extension to /root/.vscode/extensions/.streetsidesoftware.code-spell-checker-1.9.0: streetsidesoftware.code-spell-checker
[2020-07-16 13:51:52.332] [sharedprocess] [info] Renamed to /root/.vscode/extensions/streetsidesoftware.code-spell-checker-1.9.0
[2020-07-16 13:51:52.334] [sharedprocess] [info] Installation completed. streetsidesoftware.code-spell-checker
[2020-07-16 13:51:52.485] [sharedprocess] [info] Extensions installed successfully: streetsidesoftware.code-spell-checker
[2020-07-16 13:52:20.502] [sharedprocess] [info] Installing extension: streetsidesoftware.code-spell-checker-portuguese-brazilian
[2020-07-16 13:52:21.112] [sharedprocess] [info] Downloaded extension: streetsidesoftware.code-spell-checker-portuguese-brazilian /home/weslei/Documentos/www/rocketseat/clone-discord/~/.vscode-root/CachedExtensionVSIXs/streetsidesoftware.code-spell-checker-portuguese-brazilian-0.1.2
[2020-07-16 13:52:21.358] [sharedprocess] [info] Extracted extension to /root/.vscode/extensions/.streetsidesoftware.code-spell-checker-portuguese-brazilian-0.1.2: streetsidesoftware.code-spell-checker-portuguese-brazilian
[2020-07-16 13:52:21.358] [sharedprocess] [info] Renamed to /root/.vscode/extensions/streetsidesoftware.code-spell-checker-portuguese-brazilian-0.1.2
[2020-07-16 13:52:21.359] [sharedprocess] [info] Installation completed. streetsidesoftware.code-spell-checker-portuguese-brazilian
[2020-07-16 13:52:21.475] [sharedprocess] [info] Extensions installed successfully: streetsidesoftware.code-spell-checker-portuguese-brazilian
[2020-07-16 14:47:39.670] [sharedprocess] [info] Installing extension: lonefy.vscode-js-css-html-formatter
[2020-07-16 14:47:40.329] [sharedprocess] [info] Downloaded extension: lonefy.vscode-js-css-html-formatter /home/weslei/Documentos/www/rocketseat/clone-discord/~/.vscode-root/CachedExtensionVSIXs/lonefy.vscode-js-css-html-formatter-0.2.3
[2020-07-16 14:47:40.518] [sharedprocess] [info] Extracted extension to /root/.vscode/extensions/.lonefy.vscode-js-css-html-formatter-0.2.3: lonefy.vscode-js-css-html-formatter
[2020-07-16 14:47:40.518] [sharedprocess] [info] Renamed to /root/.vscode/extensions/lonefy.vscode-js-css-html-formatter-0.2.3
[2020-07-16 14:47:40.519] [sharedprocess] [info] Installation completed. lonefy.vscode-js-css-html-formatter
[2020-07-16 14:47:40.560] [sharedprocess] [info] Extensions installed successfully: lonefy.vscode-js-css-html-formatter
[2020-07-16 14:47:41.339] [sharedprocess] [info] Uninstalling extension: lonefy.vscode-js-css-html-formatter
[2020-07-16 14:47:41.610] [sharedprocess] [info] Successfully uninstalled extension: lonefy.vscode-js-css-html-formatter
[2020-07-16 14:48:20.231] [sharedprocess] [info] Installing extension: esbenp.prettier-vscode
[2020-07-16 14:48:21.680] [sharedprocess] [info] Downloaded extension: esbenp.prettier-vscode /home/weslei/Documentos/www/rocketseat/clone-discord/~/.vscode-root/CachedExtensionVSIXs/esbenp.prettier-vscode-5.1.3
[2020-07-16 14:48:21.839] [sharedprocess] [info] Extracted extension to /root/.vscode/extensions/.esbenp.prettier-vscode-5.1.3: esbenp.prettier-vscode
[2020-07-16 14:48:21.839] [sharedprocess] [info] Renamed to /root/.vscode/extensions/esbenp.prettier-vscode-5.1.3
[2020-07-16 14:48:21.840] [sharedprocess] [info] Installation completed. esbenp.prettier-vscode
[2020-07-16 14:48:21.879] [sharedprocess] [info] Extensions installed successfully: esbenp.prettier-vscode
