["INFO" - 16:17:50] Extension Name: esbenp.prettier-vscode.
["INFO" - 16:17:50] Extension Version: 5.1.3.
["INFO" - 16:17:50] Enabling prettier for languages
[
  "css",
  "graphql",
  "html",
  "javascript",
  "javascriptreact",
  "json",
  "json5",
  "jsonc",
  "less",
  "markdown",
  "mdx",
  "mongo",
  "postcss",
  "scss",
  "typescript",
  "typescriptreact",
  "vue",
  "yaml"
]
["INFO" - 16:17:50] Enabling prettier for range supported languages
[
  "graphql",
  "javascript",
  "javascriptreact",
  "json",
  "typescript",
  "typescriptreact"
]
["INFO" - 16:25:44] Formatting /home/weslei/Documentos/www/rocketseat/clone-discord/src/components/ChannelData/styles.ts
["INFO" - 16:25:45] Using ignore file (if present) at /home/weslei/Documentos/www/rocketseat/clone-discord/.prettierignore
["INFO" - 16:25:45] Using bundled version of prettier.
["INFO" - 16:25:45] File Info:
{
  "ignored": false,
  "inferredParser": "typescript"
}
["INFO" - 16:25:45] No local configuration (i.e. .prettierrc or .editorconfig) detected, falling back to VS Code configuration
["INFO" - 16:25:45] Prettier Options:
{
  "arrowParens": "always",
  "bracketSpacing": true,
  "endOfLine": "lf",
  "htmlWhitespaceSensitivity": "css",
  "insertPragma": false,
  "jsxBracketSameLine": false,
  "jsxSingleQuote": false,
  "printWidth": 80,
  "proseWrap": "preserve",
  "quoteProps": "as-needed",
  "requirePragma": false,
  "semi": true,
  "singleQuote": false,
  "tabWidth": 2,
  "trailingComma": "es5",
  "useTabs": false,
  "vueIndentScriptAndStyle": false,
  "filepath": "/home/weslei/Documentos/www/rocketseat/clone-discord/src/components/ChannelData/styles.ts",
  "parser": "typescript"
}
["INFO" - 16:25:46] Formatting completed in 699.477714ms.
