[Info  - 15:17:07.13] Starting TS Server 
[Info  - 15:17:07.13] Using tsserver from: /usr/share/code/resources/app/extensions/node_modules/typescript/lib
[Info  - 15:17:07.14] <syntax> Forking...
[Info  - 15:17:07.21] <syntax> Starting...
[Info  - 15:17:07.22] <semantic> Forking...
[Info  - 15:17:07.29] <semantic> Starting...
[Info  - 15:45:44.76] Killing TS Server
[Info  - 15:45:44.77] Starting TS Server 
[Info  - 15:45:44.77] Using tsserver from: /usr/share/code/resources/app/extensions/node_modules/typescript/lib
[Info  - 15:45:44.78] <syntax> Forking...
[Info  - 15:45:44.88] <syntax> Starting...
[Info  - 15:45:44.89] <semantic> Forking...
[Info  - 15:45:44.102] <semantic> Starting...
[Info  - 15:45:59.349] Killing TS Server
[Info  - 15:45:59.349] Starting TS Server 
[Info  - 15:45:59.349] Using tsserver from: /usr/share/code/resources/app/extensions/node_modules/typescript/lib
[Info  - 15:45:59.350] <syntax> Forking...
[Info  - 15:45:59.365] <syntax> Starting...
[Info  - 15:45:59.366] <semantic> Forking...
[Info  - 15:45:59.380] <semantic> Starting...
[Info  - 17:45:12.309] Killing TS Server
[Info  - 17:45:12.309] Starting TS Server 
[Info  - 17:45:12.309] Using tsserver from: /usr/share/code/resources/app/extensions/node_modules/typescript/lib
[Info  - 17:45:12.330] <syntax> Forking...
[Info  - 17:45:12.346] <syntax> Starting...
[Info  - 17:45:12.347] <semantic> Forking...
[Info  - 17:45:12.361] <semantic> Starting...
[Info  - 18:12:34.982] Killing TS Server
[Info  - 18:12:34.982] Starting TS Server 
[Info  - 18:12:34.982] Using tsserver from: /usr/share/code/resources/app/extensions/node_modules/typescript/lib
[Info  - 18:12:34.984] <syntax> Forking...
[Info  - 18:12:34.997] <syntax> Starting...
[Info  - 18:12:34.998] <semantic> Forking...
[Info  - 18:12:35.16] <semantic> Starting...
[Info  - 18:42:00.667] Killing TS Server
[Info  - 18:42:00.668] Starting TS Server 
[Info  - 18:42:00.668] Using tsserver from: /usr/share/code/resources/app/extensions/node_modules/typescript/lib
[Info  - 18:42:00.669] <syntax> Forking...
[Info  - 18:42:00.681] <syntax> Starting...
[Info  - 18:42:00.682] <semantic> Forking...
[Info  - 18:42:00.699] <semantic> Starting...
[Info  - 19:17:30.415] TSServer exited
