["INFO" - 12:17:07] Extension Name: esbenp.prettier-vscode.
["INFO" - 12:17:07] Extension Version: 5.1.3.
["INFO" - 12:17:07] Enabling prettier for languages
[
  "css",
  "graphql",
  "html",
  "javascript",
  "javascriptreact",
  "json",
  "json5",
  "jsonc",
  "less",
  "markdown",
  "mdx",
  "mongo",
  "postcss",
  "scss",
  "typescript",
  "typescriptreact",
  "vue",
  "yaml"
]
["INFO" - 12:17:07] Enabling prettier for range supported languages
[
  "graphql",
  "javascript",
  "javascriptreact",
  "json",
  "typescript",
  "typescriptreact"
]
["INFO" - 12:26:26] Formatting /home/weslei/Documentos/www/rocketseat/clone-discord/src/components/ChannelInfo/index.tsx
["INFO" - 12:26:26] Using ignore file (if present) at /home/weslei/Documentos/www/rocketseat/clone-discord/.prettierignore
["INFO" - 12:26:26] Using bundled version of prettier.
["INFO" - 12:26:26] File Info:
{
  "ignored": false,
  "inferredParser": "typescript"
}
["INFO" - 12:26:26] No local configuration (i.e. .prettierrc or .editorconfig) detected, falling back to VS Code configuration
["INFO" - 12:26:26] Prettier Options:
{
  "arrowParens": "always",
  "bracketSpacing": true,
  "endOfLine": "lf",
  "htmlWhitespaceSensitivity": "css",
  "insertPragma": false,
  "jsxBracketSameLine": false,
  "jsxSingleQuote": false,
  "printWidth": 80,
  "proseWrap": "preserve",
  "quoteProps": "as-needed",
  "requirePragma": false,
  "semi": true,
  "singleQuote": false,
  "tabWidth": 2,
  "trailingComma": "es5",
  "useTabs": false,
  "vueIndentScriptAndStyle": false,
  "filepath": "/home/weslei/Documentos/www/rocketseat/clone-discord/src/components/ChannelInfo/index.tsx",
  "parser": "typescript"
}
["INFO" - 12:26:28] Formatting completed in 750.97649ms.
["INFO" - 12:26:30] Formatting /home/weslei/Documentos/www/rocketseat/clone-discord/src/components/ChannelInfo/index.tsx
["INFO" - 12:26:30] Using ignore file (if present) at /home/weslei/Documentos/www/rocketseat/clone-discord/.prettierignore
["INFO" - 12:26:30] Using bundled version of prettier.
["INFO" - 12:26:30] File Info:
{
  "ignored": false,
  "inferredParser": "typescript"
}
["INFO" - 12:26:30] No local configuration (i.e. .prettierrc or .editorconfig) detected, falling back to VS Code configuration
["INFO" - 12:26:30] Prettier Options:
{
  "arrowParens": "always",
  "bracketSpacing": true,
  "endOfLine": "lf",
  "htmlWhitespaceSensitivity": "css",
  "insertPragma": false,
  "jsxBracketSameLine": false,
  "jsxSingleQuote": false,
  "printWidth": 80,
  "proseWrap": "preserve",
  "quoteProps": "as-needed",
  "requirePragma": false,
  "semi": true,
  "singleQuote": false,
  "tabWidth": 2,
  "trailingComma": "es5",
  "useTabs": false,
  "vueIndentScriptAndStyle": false,
  "filepath": "/home/weslei/Documentos/www/rocketseat/clone-discord/src/components/ChannelInfo/index.tsx",
  "parser": "typescript"
}
["INFO" - 12:26:30] Formatting completed in 12.650252ms.
["INFO" - 12:28:05] Formatting /home/weslei/Documentos/www/rocketseat/clone-discord/src/components/ChannelInfo/styles.ts
["INFO" - 12:28:05] Using ignore file (if present) at /home/weslei/Documentos/www/rocketseat/clone-discord/.prettierignore
["INFO" - 12:28:05] Using bundled version of prettier.
["INFO" - 12:28:05] File Info:
{
  "ignored": false,
  "inferredParser": "typescript"
}
["INFO" - 12:28:05] No local configuration (i.e. .prettierrc or .editorconfig) detected, falling back to VS Code configuration
["INFO" - 12:28:05] Prettier Options:
{
  "arrowParens": "always",
  "bracketSpacing": true,
  "endOfLine": "lf",
  "htmlWhitespaceSensitivity": "css",
  "insertPragma": false,
  "jsxBracketSameLine": false,
  "jsxSingleQuote": false,
  "printWidth": 80,
  "proseWrap": "preserve",
  "quoteProps": "as-needed",
  "requirePragma": false,
  "semi": true,
  "singleQuote": false,
  "tabWidth": 2,
  "trailingComma": "es5",
  "useTabs": false,
  "vueIndentScriptAndStyle": false,
  "filepath": "/home/weslei/Documentos/www/rocketseat/clone-discord/src/components/ChannelInfo/styles.ts",
  "parser": "typescript"
}
["INFO" - 12:28:05] Formatting completed in 161.472421ms.
["INFO" - 12:33:40] Formatting /home/weslei/Documentos/www/rocketseat/clone-discord/src/components/ChannelInfo/styles.ts
["INFO" - 12:33:40] Using ignore file (if present) at /home/weslei/Documentos/www/rocketseat/clone-discord/.prettierignore
["INFO" - 12:33:40] Using bundled version of prettier.
["INFO" - 12:33:40] File Info:
{
  "ignored": false,
  "inferredParser": "typescript"
}
["INFO" - 12:33:40] No local configuration (i.e. .prettierrc or .editorconfig) detected, falling back to VS Code configuration
["INFO" - 12:33:40] Prettier Options:
{
  "arrowParens": "always",
  "bracketSpacing": true,
  "endOfLine": "lf",
  "htmlWhitespaceSensitivity": "css",
  "insertPragma": false,
  "jsxBracketSameLine": false,
  "jsxSingleQuote": false,
  "printWidth": 80,
  "proseWrap": "preserve",
  "quoteProps": "as-needed",
  "requirePragma": false,
  "semi": true,
  "singleQuote": false,
  "tabWidth": 2,
  "trailingComma": "es5",
  "useTabs": false,
  "vueIndentScriptAndStyle": false,
  "filepath": "/home/weslei/Documentos/www/rocketseat/clone-discord/src/components/ChannelInfo/styles.ts",
  "parser": "typescript"
}
["INFO" - 12:33:40] Formatting completed in 114.614498ms.
["INFO" - 14:09:18] Formatting /home/weslei/Documentos/www/rocketseat/clone-discord/src/components/ChannelButton/styles.ts
["INFO" - 14:09:18] Using ignore file (if present) at /home/weslei/Documentos/www/rocketseat/clone-discord/.prettierignore
["INFO" - 14:09:18] Using bundled version of prettier.
["INFO" - 14:09:18] File Info:
{
  "ignored": false,
  "inferredParser": "typescript"
}
["INFO" - 14:09:18] No local configuration (i.e. .prettierrc or .editorconfig) detected, falling back to VS Code configuration
["INFO" - 14:09:18] Prettier Options:
{
  "arrowParens": "always",
  "bracketSpacing": true,
  "endOfLine": "lf",
  "htmlWhitespaceSensitivity": "css",
  "insertPragma": false,
  "jsxBracketSameLine": false,
  "jsxSingleQuote": false,
  "printWidth": 80,
  "proseWrap": "preserve",
  "quoteProps": "as-needed",
  "requirePragma": false,
  "semi": true,
  "singleQuote": false,
  "tabWidth": 2,
  "trailingComma": "es5",
  "useTabs": false,
  "vueIndentScriptAndStyle": false,
  "filepath": "/home/weslei/Documentos/www/rocketseat/clone-discord/src/components/ChannelButton/styles.ts",
  "parser": "typescript"
}
["INFO" - 14:09:18] Formatting completed in 62.131859ms.
["INFO" - 14:10:49] Formatting /home/weslei/Documentos/www/rocketseat/clone-discord/src/components/ChannelButton/styles.ts
["INFO" - 14:10:49] Using ignore file (if present) at /home/weslei/Documentos/www/rocketseat/clone-discord/.prettierignore
["INFO" - 14:10:49] Using bundled version of prettier.
["INFO" - 14:10:49] File Info:
{
  "ignored": false,
  "inferredParser": "typescript"
}
["INFO" - 14:10:49] No local configuration (i.e. .prettierrc or .editorconfig) detected, falling back to VS Code configuration
["INFO" - 14:10:49] Prettier Options:
{
  "arrowParens": "always",
  "bracketSpacing": true,
  "endOfLine": "lf",
  "htmlWhitespaceSensitivity": "css",
  "insertPragma": false,
  "jsxBracketSameLine": false,
  "jsxSingleQuote": false,
  "printWidth": 80,
  "proseWrap": "preserve",
  "quoteProps": "as-needed",
  "requirePragma": false,
  "semi": true,
  "singleQuote": false,
  "tabWidth": 2,
  "trailingComma": "es5",
  "useTabs": false,
  "vueIndentScriptAndStyle": false,
  "filepath": "/home/weslei/Documentos/www/rocketseat/clone-discord/src/components/ChannelButton/styles.ts",
  "parser": "typescript"
}
["INFO" - 14:10:49] Formatting completed in 121.873776ms.
["INFO" - 14:19:23] Formatting /home/weslei/Documentos/www/rocketseat/clone-discord/src/components/UserInfo/index.tsx
["INFO" - 14:19:23] Using ignore file (if present) at /home/weslei/Documentos/www/rocketseat/clone-discord/.prettierignore
["INFO" - 14:19:23] Using bundled version of prettier.
["INFO" - 14:19:23] File Info:
{
  "ignored": false,
  "inferredParser": "typescript"
}
["INFO" - 14:19:23] No local configuration (i.e. .prettierrc or .editorconfig) detected, falling back to VS Code configuration
["INFO" - 14:19:23] Prettier Options:
{
  "arrowParens": "always",
  "bracketSpacing": true,
  "endOfLine": "lf",
  "htmlWhitespaceSensitivity": "css",
  "insertPragma": false,
  "jsxBracketSameLine": false,
  "jsxSingleQuote": false,
  "printWidth": 80,
  "proseWrap": "preserve",
  "quoteProps": "as-needed",
  "requirePragma": false,
  "semi": true,
  "singleQuote": false,
  "tabWidth": 2,
  "trailingComma": "es5",
  "useTabs": false,
  "vueIndentScriptAndStyle": false,
  "filepath": "/home/weslei/Documentos/www/rocketseat/clone-discord/src/components/UserInfo/index.tsx",
  "parser": "typescript"
}
["INFO" - 14:19:23] Formatting completed in 57.985994ms.
["INFO" - 14:20:29] Formatting /home/weslei/Documentos/www/rocketseat/clone-discord/src/components/UserInfo/index.tsx
["INFO" - 14:20:29] Using ignore file (if present) at /home/weslei/Documentos/www/rocketseat/clone-discord/.prettierignore
["INFO" - 14:20:29] Using bundled version of prettier.
["INFO" - 14:20:29] File Info:
{
  "ignored": false,
  "inferredParser": "typescript"
}
["INFO" - 14:20:29] No local configuration (i.e. .prettierrc or .editorconfig) detected, falling back to VS Code configuration
["INFO" - 14:20:29] Prettier Options:
{
  "arrowParens": "always",
  "bracketSpacing": true,
  "endOfLine": "lf",
  "htmlWhitespaceSensitivity": "css",
  "insertPragma": false,
  "jsxBracketSameLine": false,
  "jsxSingleQuote": false,
  "printWidth": 80,
  "proseWrap": "preserve",
  "quoteProps": "as-needed",
  "requirePragma": false,
  "semi": true,
  "singleQuote": false,
  "tabWidth": 2,
  "trailingComma": "es5",
  "useTabs": false,
  "vueIndentScriptAndStyle": false,
  "filepath": "/home/weslei/Documentos/www/rocketseat/clone-discord/src/components/UserInfo/index.tsx",
  "parser": "typescript"
}
["INFO" - 14:20:29] Formatting completed in 64.117924ms.
["INFO" - 14:22:39] Formatting /home/weslei/Documentos/www/rocketseat/clone-discord/src/components/UserInfo/index.tsx
["INFO" - 14:22:39] Using ignore file (if present) at /home/weslei/Documentos/www/rocketseat/clone-discord/.prettierignore
["INFO" - 14:22:39] Using bundled version of prettier.
["INFO" - 14:22:39] File Info:
{
  "ignored": false,
  "inferredParser": "typescript"
}
["INFO" - 14:22:39] No local configuration (i.e. .prettierrc or .editorconfig) detected, falling back to VS Code configuration
["INFO" - 14:22:39] Prettier Options:
{
  "arrowParens": "always",
  "bracketSpacing": true,
  "endOfLine": "lf",
  "htmlWhitespaceSensitivity": "css",
  "insertPragma": false,
  "jsxBracketSameLine": false,
  "jsxSingleQuote": false,
  "printWidth": 80,
  "proseWrap": "preserve",
  "quoteProps": "as-needed",
  "requirePragma": false,
  "semi": true,
  "singleQuote": false,
  "tabWidth": 2,
  "trailingComma": "es5",
  "useTabs": false,
  "vueIndentScriptAndStyle": false,
  "filepath": "/home/weslei/Documentos/www/rocketseat/clone-discord/src/components/UserInfo/index.tsx",
  "parser": "typescript"
}
["INFO" - 14:22:39] Formatting completed in 69.447517ms.
["INFO" - 14:43:39] Formatting /home/weslei/Documentos/www/rocketseat/clone-discord/src/components/UserInfo/styles.ts
["INFO" - 14:43:39] Using ignore file (if present) at /home/weslei/Documentos/www/rocketseat/clone-discord/.prettierignore
["INFO" - 14:43:39] Using bundled version of prettier.
["INFO" - 14:43:39] File Info:
{
  "ignored": false,
  "inferredParser": "typescript"
}
["INFO" - 14:43:39] No local configuration (i.e. .prettierrc or .editorconfig) detected, falling back to VS Code configuration
["INFO" - 14:43:39] Prettier Options:
{
  "arrowParens": "always",
  "bracketSpacing": true,
  "endOfLine": "lf",
  "htmlWhitespaceSensitivity": "css",
  "insertPragma": false,
  "jsxBracketSameLine": false,
  "jsxSingleQuote": false,
  "printWidth": 80,
  "proseWrap": "preserve",
  "quoteProps": "as-needed",
  "requirePragma": false,
  "semi": true,
  "singleQuote": false,
  "tabWidth": 2,
  "trailingComma": "es5",
  "useTabs": false,
  "vueIndentScriptAndStyle": false,
  "filepath": "/home/weslei/Documentos/www/rocketseat/clone-discord/src/components/UserInfo/styles.ts",
  "parser": "typescript"
}
["INFO" - 14:43:39] Formatting completed in 110.495781ms.
["INFO" - 14:50:13] Formatting /home/weslei/Documentos/www/rocketseat/clone-discord/src/components/UserList/index.tsx
["INFO" - 14:50:13] Using ignore file (if present) at /home/weslei/Documentos/www/rocketseat/clone-discord/.prettierignore
["INFO" - 14:50:13] Using bundled version of prettier.
["INFO" - 14:50:13] File Info:
{
  "ignored": false,
  "inferredParser": "typescript"
}
["INFO" - 14:50:13] No local configuration (i.e. .prettierrc or .editorconfig) detected, falling back to VS Code configuration
["INFO" - 14:50:13] Prettier Options:
{
  "arrowParens": "always",
  "bracketSpacing": true,
  "endOfLine": "lf",
  "htmlWhitespaceSensitivity": "css",
  "insertPragma": false,
  "jsxBracketSameLine": false,
  "jsxSingleQuote": false,
  "printWidth": 80,
  "proseWrap": "preserve",
  "quoteProps": "as-needed",
  "requirePragma": false,
  "semi": true,
  "singleQuote": false,
  "tabWidth": 2,
  "trailingComma": "es5",
  "useTabs": false,
  "vueIndentScriptAndStyle": false,
  "filepath": "/home/weslei/Documentos/www/rocketseat/clone-discord/src/components/UserList/index.tsx",
  "parser": "typescript"
}
["INFO" - 14:50:13] Formatting completed in 54.295963ms.
["INFO" - 14:58:08] Formatting /home/weslei/Documentos/www/rocketseat/clone-discord/src/components/UserList/styles.ts
["INFO" - 14:58:08] Using ignore file (if present) at /home/weslei/Documentos/www/rocketseat/clone-discord/.prettierignore
["INFO" - 14:58:08] Using bundled version of prettier.
["INFO" - 14:58:08] File Info:
{
  "ignored": false,
  "inferredParser": "typescript"
}
["INFO" - 14:58:08] No local configuration (i.e. .prettierrc or .editorconfig) detected, falling back to VS Code configuration
["INFO" - 14:58:08] Prettier Options:
{
  "arrowParens": "always",
  "bracketSpacing": true,
  "endOfLine": "lf",
  "htmlWhitespaceSensitivity": "css",
  "insertPragma": false,
  "jsxBracketSameLine": false,
  "jsxSingleQuote": false,
  "printWidth": 80,
  "proseWrap": "preserve",
  "quoteProps": "as-needed",
  "requirePragma": false,
  "semi": true,
  "singleQuote": false,
  "tabWidth": 2,
  "trailingComma": "es5",
  "useTabs": false,
  "vueIndentScriptAndStyle": false,
  "filepath": "/home/weslei/Documentos/www/rocketseat/clone-discord/src/components/UserList/styles.ts",
  "parser": "typescript"
}
["INFO" - 14:58:08] Formatting completed in 80.44388ms.
["INFO" - 15:15:46] Formatting /home/weslei/Documentos/www/rocketseat/clone-discord/src/components/ChannelData/index.tsx
["INFO" - 15:15:46] Using ignore file (if present) at /home/weslei/Documentos/www/rocketseat/clone-discord/.prettierignore
["INFO" - 15:15:46] Using bundled version of prettier.
["INFO" - 15:15:46] File Info:
{
  "ignored": false,
  "inferredParser": "typescript"
}
["INFO" - 15:15:46] No local configuration (i.e. .prettierrc or .editorconfig) detected, falling back to VS Code configuration
["INFO" - 15:15:46] Prettier Options:
{
  "arrowParens": "always",
  "bracketSpacing": true,
  "endOfLine": "lf",
  "htmlWhitespaceSensitivity": "css",
  "insertPragma": false,
  "jsxBracketSameLine": false,
  "jsxSingleQuote": false,
  "printWidth": 80,
  "proseWrap": "preserve",
  "quoteProps": "as-needed",
  "requirePragma": false,
  "semi": true,
  "singleQuote": false,
  "tabWidth": 2,
  "trailingComma": "es5",
  "useTabs": false,
  "vueIndentScriptAndStyle": false,
  "filepath": "/home/weslei/Documentos/www/rocketseat/clone-discord/src/components/ChannelData/index.tsx",
  "parser": "typescript"
}
["INFO" - 15:15:46] Formatting completed in 67.17112ms.
["INFO" - 15:15:48] Formatting /home/weslei/Documentos/www/rocketseat/clone-discord/src/components/ChannelData/index.tsx
["INFO" - 15:15:48] Using ignore file (if present) at /home/weslei/Documentos/www/rocketseat/clone-discord/.prettierignore
["INFO" - 15:15:48] Using bundled version of prettier.
["INFO" - 15:15:48] File Info:
{
  "ignored": false,
  "inferredParser": "typescript"
}
["INFO" - 15:15:48] No local configuration (i.e. .prettierrc or .editorconfig) detected, falling back to VS Code configuration
["INFO" - 15:15:48] Prettier Options:
{
  "arrowParens": "always",
  "bracketSpacing": true,
  "endOfLine": "lf",
  "htmlWhitespaceSensitivity": "css",
  "insertPragma": false,
  "jsxBracketSameLine": false,
  "jsxSingleQuote": false,
  "printWidth": 80,
  "proseWrap": "preserve",
  "quoteProps": "as-needed",
  "requirePragma": false,
  "semi": true,
  "singleQuote": false,
  "tabWidth": 2,
  "trailingComma": "es5",
  "useTabs": false,
  "vueIndentScriptAndStyle": false,
  "filepath": "/home/weslei/Documentos/www/rocketseat/clone-discord/src/components/ChannelData/index.tsx",
  "parser": "typescript"
}
["INFO" - 15:15:48] Formatting completed in 29.475955ms.
["INFO" - 15:30:34] Formatting /home/weslei/Documentos/www/rocketseat/clone-discord/src/components/ChannelData/styles.ts
["INFO" - 15:30:34] Using ignore file (if present) at /home/weslei/Documentos/www/rocketseat/clone-discord/.prettierignore
["INFO" - 15:30:34] Using bundled version of prettier.
["INFO" - 15:30:34] File Info:
{
  "ignored": false,
  "inferredParser": "typescript"
}
["INFO" - 15:30:34] No local configuration (i.e. .prettierrc or .editorconfig) detected, falling back to VS Code configuration
["INFO" - 15:30:34] Prettier Options:
{
  "arrowParens": "always",
  "bracketSpacing": true,
  "endOfLine": "lf",
  "htmlWhitespaceSensitivity": "css",
  "insertPragma": false,
  "jsxBracketSameLine": false,
  "jsxSingleQuote": false,
  "printWidth": 80,
  "proseWrap": "preserve",
  "quoteProps": "as-needed",
  "requirePragma": false,
  "semi": true,
  "singleQuote": false,
  "tabWidth": 2,
  "trailingComma": "es5",
  "useTabs": false,
  "vueIndentScriptAndStyle": false,
  "filepath": "/home/weslei/Documentos/www/rocketseat/clone-discord/src/components/ChannelData/styles.ts",
  "parser": "typescript"
}
["INFO" - 15:30:34] Formatting completed in 87.034914ms.
["INFO" - 15:31:00] Formatting /home/weslei/Documentos/www/rocketseat/clone-discord/src/components/ChannelData/styles.ts
["INFO" - 15:31:00] Using ignore file (if present) at /home/weslei/Documentos/www/rocketseat/clone-discord/.prettierignore
["INFO" - 15:31:00] Using bundled version of prettier.
["INFO" - 15:31:00] File Info:
{
  "ignored": false,
  "inferredParser": "typescript"
}
["INFO" - 15:31:00] No local configuration (i.e. .prettierrc or .editorconfig) detected, falling back to VS Code configuration
["INFO" - 15:31:00] Prettier Options:
{
  "arrowParens": "always",
  "bracketSpacing": true,
  "endOfLine": "lf",
  "htmlWhitespaceSensitivity": "css",
  "insertPragma": false,
  "jsxBracketSameLine": false,
  "jsxSingleQuote": false,
  "printWidth": 80,
  "proseWrap": "preserve",
  "quoteProps": "as-needed",
  "requirePragma": false,
  "semi": true,
  "singleQuote": false,
  "tabWidth": 2,
  "trailingComma": "es5",
  "useTabs": false,
  "vueIndentScriptAndStyle": false,
  "filepath": "/home/weslei/Documentos/www/rocketseat/clone-discord/src/components/ChannelData/styles.ts",
  "parser": "typescript"
}
["ERROR" - 15:31:00] Error formatting document.
["ERROR" - 15:31:00] ';' expected. (33:7)
  31 |   }
  32 | `;
> 33 | xport const InputWrapper = styled.div`
     |       ^
  34 |   width: 100%;
  35 |   padding: 0 16px;
  36 | `;
SyntaxError: ';' expected. (33:7)
  31 |   }
  32 | `;
> 33 | xport const InputWrapper = styled.div`
     |       ^
  34 |   width: 100%;
  35 |   padding: 0 16px;
  36 | `;
    at t (/root/.vscode/extensions/esbenp.prettier-vscode-5.1.3/node_modules/prettier/parser-typescript.js:1:349)
    at Object.parse (/root/.vscode/extensions/esbenp.prettier-vscode-5.1.3/node_modules/prettier/parser-typescript.js:14:2633274)
    at Object.parse (/root/.vscode/extensions/esbenp.prettier-vscode-5.1.3/node_modules/prettier/index.js:11370:19)
    at coreFormat (/root/.vscode/extensions/esbenp.prettier-vscode-5.1.3/node_modules/prettier/index.js:14784:25)
    at format (/root/.vscode/extensions/esbenp.prettier-vscode-5.1.3/node_modules/prettier/index.js:15019:75)
    at formatWithCursor (/root/.vscode/extensions/esbenp.prettier-vscode-5.1.3/node_modules/prettier/index.js:15035:12)
    at /root/.vscode/extensions/esbenp.prettier-vscode-5.1.3/node_modules/prettier/index.js:51620:12
    at Object.FormattingResult [as format] (/root/.vscode/extensions/esbenp.prettier-vscode-5.1.3/node_modules/prettier/index.js:51640:12)
    at t.default.<anonymous> (/root/.vscode/extensions/esbenp.prettier-vscode-5.1.3/src/PrettierEditService.ts:321:45)
    at Generator.next (<anonymous>)
    at s (/root/.vscode/extensions/esbenp.prettier-vscode-5.1.3/dist/extension.js:1:53305)
["INFO" - 15:31:00] Formatting completed in 245.875785ms.
["INFO" - 15:31:44] Formatting /home/weslei/Documentos/www/rocketseat/clone-discord/src/components/ChannelData/styles.ts
["INFO" - 15:31:44] Using ignore file (if present) at /home/weslei/Documentos/www/rocketseat/clone-discord/.prettierignore
["INFO" - 15:31:44] Using bundled version of prettier.
["INFO" - 15:31:44] File Info:
{
  "ignored": false,
  "inferredParser": "typescript"
}
["INFO" - 15:31:44] No local configuration (i.e. .prettierrc or .editorconfig) detected, falling back to VS Code configuration
["INFO" - 15:31:44] Prettier Options:
{
  "arrowParens": "always",
  "bracketSpacing": true,
  "endOfLine": "lf",
  "htmlWhitespaceSensitivity": "css",
  "insertPragma": false,
  "jsxBracketSameLine": false,
  "jsxSingleQuote": false,
  "printWidth": 80,
  "proseWrap": "preserve",
  "quoteProps": "as-needed",
  "requirePragma": false,
  "semi": true,
  "singleQuote": false,
  "tabWidth": 2,
  "trailingComma": "es5",
  "useTabs": false,
  "vueIndentScriptAndStyle": false,
  "filepath": "/home/weslei/Documentos/www/rocketseat/clone-discord/src/components/ChannelData/styles.ts",
  "parser": "typescript"
}
["INFO" - 15:31:44] Formatting completed in 63.253052ms.
["INFO" - 15:49:39] Formatting /home/weslei/Documentos/www/rocketseat/clone-discord/src/components/ChannelMessage/index.tsx
["INFO" - 15:49:39] Using ignore file (if present) at /home/weslei/Documentos/www/rocketseat/clone-discord/.prettierignore
["INFO" - 15:49:39] Using bundled version of prettier.
["INFO" - 15:49:39] File Info:
{
  "ignored": false,
  "inferredParser": "typescript"
}
["INFO" - 15:49:39] No local configuration (i.e. .prettierrc or .editorconfig) detected, falling back to VS Code configuration
["INFO" - 15:49:39] Prettier Options:
{
  "arrowParens": "always",
  "bracketSpacing": true,
  "endOfLine": "lf",
  "htmlWhitespaceSensitivity": "css",
  "insertPragma": false,
  "jsxBracketSameLine": false,
  "jsxSingleQuote": false,
  "printWidth": 80,
  "proseWrap": "preserve",
  "quoteProps": "as-needed",
  "requirePragma": false,
  "semi": true,
  "singleQuote": false,
  "tabWidth": 2,
  "trailingComma": "es5",
  "useTabs": false,
  "vueIndentScriptAndStyle": false,
  "filepath": "/home/weslei/Documentos/www/rocketseat/clone-discord/src/components/ChannelMessage/index.tsx",
  "parser": "typescript"
}
["INFO" - 15:49:39] Formatting completed in 53.908255ms.
["INFO" - 15:52:34] Formatting /home/weslei/Documentos/www/rocketseat/clone-discord/src/components/ChannelData/index.tsx
["INFO" - 15:52:34] Using ignore file (if present) at /home/weslei/Documentos/www/rocketseat/clone-discord/.prettierignore
["INFO" - 15:52:34] Using bundled version of prettier.
["INFO" - 15:52:34] File Info:
{
  "ignored": false,
  "inferredParser": "typescript"
}
["INFO" - 15:52:34] No local configuration (i.e. .prettierrc or .editorconfig) detected, falling back to VS Code configuration
["INFO" - 15:52:34] Prettier Options:
{
  "arrowParens": "always",
  "bracketSpacing": true,
  "endOfLine": "lf",
  "htmlWhitespaceSensitivity": "css",
  "insertPragma": false,
  "jsxBracketSameLine": false,
  "jsxSingleQuote": false,
  "printWidth": 80,
  "proseWrap": "preserve",
  "quoteProps": "as-needed",
  "requirePragma": false,
  "semi": true,
  "singleQuote": false,
  "tabWidth": 2,
  "trailingComma": "es5",
  "useTabs": false,
  "vueIndentScriptAndStyle": false,
  "filepath": "/home/weslei/Documentos/www/rocketseat/clone-discord/src/components/ChannelData/index.tsx",
  "parser": "typescript"
}
["INFO" - 15:52:34] Formatting completed in 90.153529ms.
["INFO" - 16:04:49] Formatting /home/weslei/Documentos/www/rocketseat/clone-discord/src/components/ChannelMessage/styles.ts
["INFO" - 16:04:49] Using ignore file (if present) at /home/weslei/Documentos/www/rocketseat/clone-discord/.prettierignore
["INFO" - 16:04:49] Using bundled version of prettier.
["INFO" - 16:04:49] File Info:
{
  "ignored": false,
  "inferredParser": "typescript"
}
["INFO" - 16:04:49] No local configuration (i.e. .prettierrc or .editorconfig) detected, falling back to VS Code configuration
["INFO" - 16:04:49] Prettier Options:
{
  "arrowParens": "always",
  "bracketSpacing": true,
  "endOfLine": "lf",
  "htmlWhitespaceSensitivity": "css",
  "insertPragma": false,
  "jsxBracketSameLine": false,
  "jsxSingleQuote": false,
  "printWidth": 80,
  "proseWrap": "preserve",
  "quoteProps": "as-needed",
  "requirePragma": false,
  "semi": true,
  "singleQuote": false,
  "tabWidth": 2,
  "trailingComma": "es5",
  "useTabs": false,
  "vueIndentScriptAndStyle": false,
  "filepath": "/home/weslei/Documentos/www/rocketseat/clone-discord/src/components/ChannelMessage/styles.ts",
  "parser": "typescript"
}
["INFO" - 16:04:49] Formatting completed in 79.217961ms.
